1. 4016
2. 012
3. 14023
4. 0
5. The storm will get you
6. 012435
7. 52
8. The storm will get you
9. 012
10. 0234
11. 0134
12. 35026147
13. 0
14. 201534
15. 1023
16. The storm will get you
17. 012
18. 05
19. The storm will get you
20. 1023
21. 032514
22. 01
23. 13024
24. 012
25. 120
26. 2013457
27. 302
28. 065123
29. 01375246
30. 2
31. 301
32. 0123567
33. 012735
34. 034567
35. 0
36. 012
37. 0123
38. 01234
39. 42
40. 201
41. 01327
42. 04213
43. The storm will get you
44. 1470635
45. The storm will get you
46. 012
47. 1
48. 0
49. 0
50. 012
