1. 30
2. Impossible
3. 10
4. Impossible
5. 20
6. 15
7. Impossible
8. 50
9. 3558
10. 1992
11. 3931
12. 9440
13. 3717
14. Impossible
15. 6722
16. 1984
17. 4724
18. 3963
19. 4633
20. 7761
21. 7618
22. 4714
23. 7525
24. 7177
25. 2868
26. 979
27. 4573
28. 2908
29. 6470
30. 1941
31. Impossible
32. 8145
33. 7361
34. 962
35. 953
36. 5330
37. 1935
38. 1937
39. 6106
40. 1943
41. 2372
42. 8487
43. 3917
44. 5309
45. 5646
46. 2963
47. 4893
48. 2867
49. 963
50. 1984
51. 3865
52. 1949
53. Impossible
54. 4916
55. 3773
56. 2928
57. 6224
58. 3755
59. 5243
60. 6901
61. 5598
62. 3728
63. 9067
64. 5587
65. 3245
66. 5226
67. 6681
68. 964
69. 5933
70. 3763
71. 6650
72. 6505
73. 3921
74. 1928
75. 4702
76. 597
77. 4713
78. 5651
79. 816
80. 3935
81. Impossible
82. 3832
83. 7872
84. 1000
85. 998
86. 9205
87. 4090
88. 5448
89. 1982
90. 991
91. 8099
92. 3656
93. 1993
94. 5416
95. 6487
96. 1833
97. 4702
98. 7460
99. 7576
100. 7398
101. 8363
102. 5944
103. 2852
104. 2100
105. 4915
106. 7248
107. 4524
108. 654
109. 44499
110. 47694
111. 1000
112. Impossible
113. 1000
114. Impossible
115. 990
116. 1000
