Earth 1070N Moon 171.2N
Earth 460N Sun 13478.0N
Earth 890N Saturn 934.5N
Earth 770N Sun 22561.0N
Earth 1060N Neptune 1240.2N
Earth 710N Venus 624.8N
Earth 480N Uranus 432.0N
Earth 1040N Neptune 1216.8N
Earth 500N Sun 14650.0N
Earth 1450N Moon 232.0N
Earth 1480N Sun 43364.0N
Earth 1020N Mercury 377.4N
Earth 830N Moon 132.8N
Earth 510N Sun 14943.0N
Earth 1300N Saturn 1365.0N
Earth 1350N Sun 39555.0N
Earth 910N Neptune 1064.7N
Earth 800N Sun 23440.0N
Earth 1190N Sun 34867.0N
Earth 1070N Pluto 52.4N
Earth 1090N Saturn 1144.5N
Earth 720N Moon 115.2N
Earth 530N Pluto 26.0N
Earth 1200N Saturn 1260.0N
Earth 1230N Pluto 60.3N
Earth 770N Pluto 37.7N
Earth 930N Mercury 344.1N
Earth 630N Venus 554.4N
Earth 980N Venus 862.4N
Earth 1340N Saturn 1407.0N
Earth 1290N Uranus 1161.0N
Earth 810N Moon 129.6N
Earth 1380N Mercury 510.6N
Earth 470N Mercury 173.9N
Earth 430N Neptune 503.1N
Earth 730N Saturn 766.5N
Earth 950N Neptune 1111.5N
Earth 1440N Uranus 1296.0N
Earth 520N Saturn 546.0N
Earth 510N Uranus 459.0N
Earth 850N Moon 136.0N
Earth 410N Moon 65.6N
Earth 500N Moon 80.0N
Earth 1130N Venus 994.4N
Earth 940N Venus 827.2N
Earth 740N Uranus 666.0N
Earth 950N Neptune 1111.5N
Earth 1260N Neptune 1474.2N
Earth 1000N Saturn 1050.0N
Earth 1420N Pluto 69.6N
Earth 710N Mercury 262.7N
Earth 1220N Neptune 1427.4N
Earth 1250N Pluto 61.2N
Earth 1200N Neptune 1404.0N
Earth 1340N Neptune 1567.8N
Earth 760N Pluto 37.2N
Earth 640N Pluto 31.4N
Earth 950N Uranus 855.0N
Earth 950N Neptune 1111.5N
Earth 560N Mercury 207.2N
Earth 900N Sun 26370.0N
Earth 870N Sun 25491.0N
Earth 1250N Moon 200.0N
Earth 990N Moon 158.4N
Earth 480N Moon 76.8N
Earth 890N Mercury 329.3N
Earth 990N Mercury 366.3N
Earth 410N Venus 360.8N
Earth 490N Saturn 514.5N
Earth 940N Saturn 987.0N
Earth 1420N Mercury 525.4N
Earth 1280N Venus 1126.4N
Earth 710N Pluto 34.8N
Earth 580N Mercury 214.6N
Earth 960N Neptune 1123.2N
Earth 440N Moon 70.4N
Earth 1240N Saturn 1302.0N
Earth 560N Moon 89.6N
Earth 600N Uranus 540.0N
Earth 1490N Venus 1311.2N
Earth 1470N Mercury 543.9N
Earth 900N Mercury 333.0N
Earth 600N Neptune 702.0N
Earth 970N Saturn 1018.5N
Earth 1270N Sun 37211.0N
Earth 1470N Pluto 72.0N
Earth 800N Sun 23440.0N
Earth 1260N Neptune 1474.2N
Earth 870N Saturn 913.5N
Earth 610N Venus 536.8N
Earth 1140N Pluto 55.9N
Earth 470N Neptune 549.9N
Earth 1460N Saturn 1533.0N
Earth 1390N Moon 222.4N
Earth 890N Mercury 329.3N
Earth 1440N Venus 1267.2N
Earth 550N Mercury 203.5N
Earth 570N Moon 91.2N
Earth 860N Saturn 903.0N
Earth 1470N Venus 1293.6N
Earth 680N Moon 108.8N
Earth 740N Sun 21682.0N
Earth 510N Moon 81.6N
Earth 860N Venus 756.8N
Earth 660N Moon 105.6N
Earth 430N Saturn 451.5N
Earth 580N Venus 510.4N
Earth 1030N Sun 30179.0N
Earth 1280N Moon 204.8N
Earth 1180N Saturn 1239.0N
Earth 780N Saturn 819.0N
Earth 450N Venus 396.0N
Earth 500N Moon 80.0N
Earth 1320N Uranus 1188.0N
Earth 1160N Mercury 429.2N
Earth 1160N Uranus 1044.0N
Earth 1040N Venus 915.2N
Earth 750N Moon 120.0N
Earth 960N Pluto 47.0N
Earth 1140N Saturn 1197.0N
Earth 520N Neptune 608.4N
Earth 820N Pluto 40.2N
Earth 1040N Moon 166.4N
Earth 480N Uranus 432.0N
Earth 1210N Saturn 1270.5N
Earth 1330N Saturn 1396.5N
Earth 1120N Neptune 1310.4N
Earth 440N Neptune 514.8N
Earth 800N Mercury 296.0N
Earth 560N Neptune 655.2N
Earth 710N Uranus 639.0N
Earth 610N Mercury 225.7N
Earth 1160N Venus 1020.8N
Earth 640N Neptune 748.8N
Earth 1330N Venus 1170.4N
Earth 1270N Mercury 469.9N
Earth 940N Pluto 46.1N
Earth 410N Saturn 430.5N
Earth 1380N Neptune 1614.6N
Earth 440N Venus 387.2N
Earth 1360N Moon 217.6N
Earth 480N Uranus 432.0N
Earth 890N Sun 26077.0N
Earth 1410N Mercury 521.7N
Earth 460N Sun 13478.0N
Earth 1490N Uranus 1341.0N
Earth 1310N Mercury 484.7N
Earth 1320N Uranus 1188.0N
Earth 1370N Saturn 1438.5N
Earth 900N Mercury 333.0N
Earth 610N Moon 97.6N
Earth 480N Saturn 504.0N
Earth 920N Sun 26956.0N
Earth 840N Moon 134.4N
Earth 1420N Neptune 1661.4N
Earth 980N Mercury 362.6N
Earth 1150N Venus 1012.0N
Earth 600N Pluto 29.4N
Earth 670N Sun 19631.0N
Earth 1410N Saturn 1480.5N
Earth 880N Neptune 1029.6N
Earth 410N Uranus 369.0N
Earth 1210N Uranus 1089.0N
Earth 1410N Mercury 521.7N
Earth 660N Pluto 32.3N
Earth 800N Moon 128.0N
Earth 1440N Pluto 70.6N
Earth 980N Uranus 882.0N
Earth 740N Mercury 273.8N
Earth 850N Pluto 41.7N
Earth 1050N Neptune 1228.5N
Earth 510N Saturn 535.5N
Earth 620N Sun 18166.0N
Earth 1140N Moon 182.4N
Earth 1230N Saturn 1291.5N
Earth 1160N Neptune 1357.2N
Earth 1140N Pluto 55.9N
Earth 600N Pluto 29.4N
Earth 1440N Venus 1267.2N
Earth 940N Neptune 1099.8N
Earth 580N Venus 510.4N
Earth 820N Neptune 959.4N
Earth 590N Saturn 619.5N
Earth 530N Uranus 477.0N
Earth 1190N Mercury 440.3N
Earth 740N Mercury 273.8N
Earth 580N Neptune 678.6N
Earth 1390N Neptune 1626.3N
Earth 480N Venus 422.4N
Earth 710N Venus 624.8N
Earth 510N Moon 81.6N
Earth 1200N Saturn 1260.0N
Earth 1350N Mercury 499.5N
Earth 940N Uranus 846.0N
Earth 430N Neptune 503.1N
Earth 540N Saturn 567.0N
Earth 540N Saturn 567.0N
Earth 1120N Mercury 414.4N
Earth 420N Saturn 441.0N
Earth 450N Neptune 526.5N
Earth 1050N Saturn 1102.5N
Earth 1050N Neptune 1228.5N
Earth 810N Sun 23733.0N
Earth 740N Pluto 36.3N
Earth 760N Mercury 281.2N
Earth 680N Neptune 795.6N
Earth 640N Uranus 576.0N
Earth 1050N Uranus 945.0N
Earth 610N Mercury 225.7N
Earth 420N Moon 67.2N
Earth 1220N Venus 1073.6N
Earth 1290N Saturn 1354.5N
Earth 1200N Moon 192.0N
Earth 640N Venus 563.2N
Earth 1170N Mercury 432.9N
Earth 400N Sun 11720.0N
Earth 1370N Neptune 1602.9N
Earth 1460N Mercury 540.2N
Earth 730N Pluto 35.8N
Earth 750N Sun 21975.0N
Earth 1310N Mercury 484.7N
Earth 1130N Sun 33109.0N
Earth 1420N Moon 227.2N
Earth 950N Sun 27835.0N
Earth 1320N Venus 1161.6N
Earth 920N Moon 147.2N
Earth 640N Neptune 748.8N
Earth 800N Pluto 39.2N
Earth 400N Pluto 19.6N
Earth 1280N Pluto 62.7N
Earth 1300N Pluto 63.7N
Earth 1350N Mercury 499.5N
Earth 830N Mercury 307.1N
Earth 1200N Neptune 1404.0N
Earth 820N Mercury 303.4N
Earth 490N Sun 14357.0N
Earth 1350N Moon 216.0N
Earth 1160N Pluto 56.8N
Earth 740N Mercury 273.8N
Earth 540N Saturn 567.0N
Earth 670N Venus 589.6N
Earth 950N Saturn 997.5N
Earth 760N Sun 22268.0N
Earth 430N Mercury 159.1N
Earth 1220N Moon 195.2N
Earth 1270N Sun 37211.0N
Earth 780N Sun 22854.0N
Earth 470N Uranus 423.0N
Earth 1290N Venus 1135.2N
Earth 480N Pluto 23.5N
Earth 1230N Mercury 455.1N
Earth 1160N Venus 1020.8N
Earth 1360N Venus 1196.8N
Earth 1040N Moon 166.4N
Earth 1130N Uranus 1017.0N
Earth 740N Sun 21682.0N
Earth 1490N Moon 238.4N
Earth 1400N Neptune 1638.0N
Earth 1300N Saturn 1365.0N
Earth 1400N Moon 224.0N
Earth 970N Uranus 873.0N
Earth 1360N Pluto 66.6N
Earth 1120N Venus 985.6N
Earth 530N Neptune 620.1N
Earth 1090N Uranus 981.0N
Earth 580N Venus 510.4N
Earth 740N Saturn 777.0N
Earth 910N Neptune 1064.7N
Earth 790N Pluto 38.7N
Earth 1350N Moon 216.0N
Earth 520N Sun 15236.0N
Earth 590N Pluto 28.9N
Earth 990N Moon 158.4N
Earth 900N Mercury 333.0N
Earth 750N Uranus 675.0N
Earth 1100N Moon 176.0N
Earth 1050N Pluto 51.5N
Earth 970N Mercury 358.9N
Earth 1200N Sun 35160.0N
Earth 700N Pluto 34.3N
Earth 920N Neptune 1076.4N
Earth 1500N Pluto 73.5N
Earth 740N Mercury 273.8N
Earth 700N Mercury 259.0N
Earth 1180N Pluto 57.8N
Earth 1300N Pluto 63.7N
Earth 900N Saturn 945.0N
Earth 1400N Uranus 1260.0N
Earth 840N Pluto 41.2N
Earth 1450N Uranus 1305.0N
Earth 1280N Pluto 62.7N
Earth 690N Pluto 33.8N
Earth 420N Mercury 155.4N
Earth 1240N Neptune 1450.8N
Earth 680N Uranus 612.0N
Earth 1380N Uranus 1242.0N
Earth 860N Sun 25198.0N
Earth 590N Venus 519.2N
Earth 1150N Venus 1012.0N
Earth 1400N Venus 1232.0N
Earth 1270N Pluto 62.2N
Earth 1250N Uranus 1125.0N
Earth 950N Venus 836.0N
Earth 480N Mercury 177.6N
Earth 740N Pluto 36.3N
Earth 1010N Venus 888.8N
Earth 800N Sun 23440.0N
Earth 960N Mercury 355.2N
Earth 760N Sun 22268.0N
Earth 630N Sun 18459.0N
Earth 920N Sun 26956.0N
Earth 540N Mercury 199.8N
Earth 470N Pluto 23.0N
Earth 700N Sun 20510.0N
Earth 1490N Neptune 1743.3N
Earth 1130N Mercury 418.1N
Earth 1120N Venus 985.6N
Earth 1020N Saturn 1071.0N
Earth 1110N Neptune 1298.7N
Earth 840N Uranus 756.0N
Earth 960N Neptune 1123.2N
Earth 1120N Pluto 54.9N
Earth 930N Pluto 45.6N
Earth 1320N Venus 1161.6N
Earth 580N Moon 92.8N
Earth 1190N Saturn 1249.5N
Earth 1480N Pluto 72.5N
Earth 1320N Neptune 1544.4N
Earth 1330N Moon 212.8N
Earth 1000N Mercury 370.0N
Earth 570N Moon 91.2N
Earth 730N Uranus 657.0N
Earth 610N Pluto 29.9N
Earth 1170N Mercury 432.9N
Earth 830N Mercury 307.1N
Earth 640N Venus 563.2N
Earth 1270N Mercury 469.9N
Earth 650N Saturn 682.5N
Earth 630N Moon 100.8N
Earth 580N Sun 16994.0N
Earth 1270N Sun 37211.0N
Earth 530N Neptune 620.1N
Earth 720N Venus 633.6N
Earth 1120N Uranus 1008.0N
Earth 790N Sun 23147.0N
Earth 1260N Moon 201.6N
Earth 430N Venus 378.4N
Earth 460N Venus 404.8N
Earth 1350N Sun 39555.0N
Earth 530N Saturn 556.5N
Earth 980N Moon 156.8N
Earth 1350N Saturn 1417.5N
Earth 1240N Neptune 1450.8N
Earth 840N Mercury 310.8N
Earth 570N Moon 91.2N
Earth 420N Mercury 155.4N
Earth 1380N Pluto 67.6N
Earth 550N Neptune 643.5N
Earth 980N Mercury 362.6N
Earth 1190N Moon 190.4N
Earth 810N Neptune 947.7N
Earth 660N Saturn 693.0N
Earth 1290N Uranus 1161.0N
Earth 970N Neptune 1134.9N
Earth 1090N Venus 959.2N
Earth 1370N Saturn 1438.5N
Earth 1420N Pluto 69.6N
Earth 410N Pluto 20.1N
Earth 930N Venus 818.4N
Earth 1370N Pluto 67.1N
Earth 1110N Saturn 1165.5N
Earth 1210N Neptune 1415.7N
Earth 1370N Moon 219.2N
Earth 930N Pluto 45.6N
Earth 530N Venus 466.4N
Earth 1090N Neptune 1275.3N
Earth 1390N Venus 1223.2N
Earth 650N Sun 19045.0N
Earth 1320N Mercury 488.4N
Earth 580N Venus 510.4N
Earth 1040N Uranus 936.0N
Earth 560N Mercury 207.2N
Earth 560N Saturn 588.0N
Earth 560N Venus 492.8N
Earth 670N Uranus 603.0N
Earth 1120N Saturn 1176.0N
Earth 610N Moon 97.6N
Earth 1470N Mercury 543.9N
Earth 1160N Pluto 56.8N
Earth 1250N Mercury 462.5N
Earth 1390N Moon 222.4N
Earth 430N Uranus 387.0N
Earth 1150N Neptune 1345.5N
Earth 480N Mercury 177.6N
Earth 1090N Sun 31937.0N
Earth 1120N Uranus 1008.0N
Earth 930N Moon 148.8N
Earth 1030N Sun 30179.0N
Earth 740N Neptune 865.8N
Earth 1480N Saturn 1554.0N
Earth 500N Mercury 185.0N
Earth 1020N Venus 897.6N
Earth 960N Moon 153.6N
Earth 480N Mercury 177.6N
Earth 660N Mercury 244.2N
Earth 570N Mercury 210.9N
Earth 550N Mercury 203.5N
Earth 1240N Moon 198.4N
Earth 1460N Sun 42778.0N
Earth 770N Venus 677.6N
Earth 1430N Neptune 1673.1N
Earth 460N Uranus 414.0N
Earth 1460N Venus 1284.8N
Earth 490N Moon 78.4N
Earth 890N Sun 26077.0N
Earth 1160N Sun 33988.0N
Earth 750N Uranus 675.0N
Earth 490N Mercury 181.3N
Earth 670N Pluto 32.8N
Earth 700N Sun 20510.0N
Earth 730N Sun 21389.0N
Earth 660N Moon 105.6N
Earth 820N Neptune 959.4N
Earth 570N Venus 501.6N
Earth 590N Pluto 28.9N
Earth 700N Uranus 630.0N
Earth 790N Venus 695.2N
Earth 1300N Mercury 481.0N
Earth 740N Neptune 865.8N
Earth 1060N Saturn 1113.0N
Earth 440N Mercury 162.8N
Earth 800N Neptune 936.0N
Earth 530N Saturn 556.5N
Earth 1310N Venus 1152.8N
Earth 560N Moon 89.6N
Earth 1030N Venus 906.4N
Earth 810N Venus 712.8N
Earth 1430N Uranus 1287.0N
Earth 1050N Neptune 1228.5N
Earth 540N Pluto 26.5N
Earth 1120N Sun 32816.0N
Earth 1150N Neptune 1345.5N
Earth 510N Neptune 596.7N
Earth 700N Moon 112.0N
Earth 800N Pluto 39.2N
Earth 1130N Moon 180.8N
Earth 1050N Neptune 1228.5N
Earth 430N Mercury 159.1N
Earth 1180N Mercury 436.6N
Earth 1500N Moon 240.0N
Earth 770N Venus 677.6N
Earth 1270N Moon 203.2N
Earth 1070N Mercury 395.9N
Earth 950N Neptune 1111.5N
Earth 1350N Uranus 1215.0N
Earth 720N Sun 21096.0N
Earth 1000N Mercury 370.0N
Earth 1340N Moon 214.4N
Earth 400N Moon 64.0N
Earth 920N Venus 809.6N
Earth 420N Sun 12306.0N
Earth 1390N Saturn 1459.5N
Earth 1270N Neptune 1485.9N
Earth 1140N Saturn 1197.0N
Earth 1390N Uranus 1251.0N
Earth 1220N Venus 1073.6N
Earth 500N Pluto 24.5N
Earth 1160N Venus 1020.8N
Earth 800N Pluto 39.2N
Earth 730N Saturn 766.5N
Earth 450N Venus 396.0N
Earth 1220N Saturn 1281.0N
Earth 1340N Saturn 1407.0N
Earth 680N Sun 19924.0N
Earth 470N Sun 13771.0N
Earth 1010N Sun 29593.0N
Earth 790N Saturn 829.5N
Earth 1430N Venus 1258.4N
Earth 610N Sun 17873.0N
Earth 500N Sun 14650.0N
Earth 880N Mercury 325.6N
Earth 1470N Uranus 1323.0N
Earth 450N Venus 396.0N
Earth 1320N Saturn 1386.0N
Earth 510N Pluto 25.0N
Earth 1190N Sun 34867.0N
Earth 710N Mercury 262.7N
Earth 480N Mercury 177.6N
Earth 980N Venus 862.4N
Earth 1340N Saturn 1407.0N
Earth 940N Saturn 987.0N
Earth 930N Pluto 45.6N
Earth 1190N Mercury 440.3N
Earth 490N Uranus 441.0N
Earth 460N Venus 404.8N
Earth 1220N Pluto 59.8N
Earth 430N Pluto 21.1N
Earth 540N Saturn 567.0N
Earth 1490N Neptune 1743.3N
Earth 1170N Neptune 1368.9N
Earth 1160N Venus 1020.8N
Earth 550N Moon 88.0N
Earth 870N Sun 25491.0N
Earth 500N Sun 14650.0N
Earth 560N Moon 89.6N
Earth 1180N Pluto 57.8N
Earth 970N Saturn 1018.5N
Earth 1290N Pluto 63.2N
Earth 480N Pluto 23.5N
Earth 1420N Moon 227.2N
Earth 1310N Sun 38383.0N
Earth 1400N Sun 41020.0N
Earth 1270N Uranus 1143.0N
Earth 870N Saturn 913.5N
Earth 1500N Saturn 1575.0N
Earth 710N Mercury 262.7N
Earth 1410N Mercury 521.7N
Earth 580N Moon 92.8N
Earth 440N Venus 387.2N
Earth 1460N Pluto 71.5N
Earth 1310N Saturn 1375.5N
Earth 1370N Moon 219.2N
Earth 1440N Moon 230.4N
Earth 730N Neptune 854.1N
Earth 1420N Mercury 525.4N
Earth 590N Saturn 619.5N
Earth 1030N Uranus 927.0N
Earth 1380N Venus 1214.4N
Earth 1000N Saturn 1050.0N
Earth 730N Saturn 766.5N
Earth 1380N Moon 220.8N
Earth 1470N Uranus 1323.0N
Earth 910N Moon 145.6N
Earth 650N Saturn 682.5N
Earth 890N Uranus 801.0N
Earth 650N Uranus 585.0N
Earth 730N Sun 21389.0N
Earth 1020N Mercury 377.4N
Earth 550N Uranus 495.0N
Earth 1310N Mercury 484.7N
Earth 470N Venus 413.6N
Earth 1260N Moon 201.6N
Earth 1340N Venus 1179.2N
Earth 470N Saturn 493.5N
Earth 830N Moon 132.8N
Earth 1000N Mercury 370.0N
Earth 1080N Uranus 972.0N
Earth 540N Saturn 567.0N
Earth 650N Moon 104.0N
Earth 560N Moon 89.6N
Earth 590N Sun 17287.0N
Earth 1500N Moon 240.0N
Earth 1120N Pluto 54.9N
Earth 1210N Mercury 447.7N
Earth 450N Neptune 526.5N
Earth 1170N Venus 1029.6N
Earth 700N Neptune 819.0N
Earth 850N Moon 136.0N
Earth 410N Saturn 430.5N
Earth 870N Moon 139.2N
Earth 1370N Uranus 1233.0N
Earth 1400N Moon 224.0N
Earth 1430N Pluto 70.1N
Earth 420N Saturn 441.0N
Earth 750N Uranus 675.0N
Earth 1440N Moon 230.4N
Earth 970N Uranus 873.0N
Earth 690N Mercury 255.3N
Earth 470N Neptune 549.9N
Earth 880N Uranus 792.0N
Earth 1360N Saturn 1428.0N
Earth 1110N Neptune 1298.7N
Earth 1370N Neptune 1602.9N
Earth 740N Saturn 777.0N
Earth 740N Venus 651.2N
Earth 450N Venus 396.0N
Earth 600N Moon 96.0N
Earth 1060N Moon 169.6N
Earth 910N Saturn 955.5N
Earth 1390N Pluto 68.1N
Earth 1410N Venus 1240.8N
Earth 1420N Pluto 69.6N
Earth 500N Neptune 585.0N
Earth 430N Mercury 159.1N
Earth 1170N Neptune 1368.9N
Earth 740N Neptune 865.8N
Earth 900N Saturn 945.0N
Earth 860N Venus 756.8N
Earth 1300N Neptune 1521.0N
Earth 1460N Saturn 1533.0N
Earth 410N Uranus 369.0N
Earth 780N Venus 686.4N
Earth 1170N Uranus 1053.0N
Earth 930N Saturn 976.5N
Earth 430N Mercury 159.1N
Earth 910N Venus 800.8N
Earth 1310N Saturn 1375.5N
Earth 1370N Sun 40141.0N
Earth 1450N Pluto 71.1N
Earth 960N Uranus 864.0N
Earth 920N Sun 26956.0N
Earth 920N Saturn 966.0N
Earth 1450N Saturn 1522.5N
Earth 1470N Venus 1293.6N
Earth 590N Pluto 28.9N
Earth 540N Sun 15822.0N
Earth 1030N Venus 906.4N
Earth 1180N Mercury 436.6N
Earth 1370N Venus 1205.6N
Earth 450N Venus 396.0N
Earth 910N Sun 26663.0N
Earth 1260N Uranus 1134.0N
Earth 530N Saturn 556.5N
Earth 760N Uranus 684.0N
Earth 780N Sun 22854.0N
Earth 590N Moon 94.4N
Earth 1360N Sun 39848.0N
Earth 1250N Venus 1100.0N
Earth 850N Venus 748.0N
Earth 1020N Pluto 50.0N
Earth 420N Pluto 20.6N
Earth 1340N Sun 39262.0N
Earth 1350N Sun 39555.0N
Earth 1110N Neptune 1298.7N
Earth 660N Sun 19338.0N
Earth 610N Uranus 549.0N
Earth 980N Pluto 48.0N
Earth 1060N Pluto 51.9N
Earth 1200N Venus 1056.0N
Earth 1190N Saturn 1249.5N
Earth 1470N Venus 1293.6N
Earth 820N Mercury 303.4N
Earth 740N Sun 21682.0N
Earth 940N Moon 150.4N
Earth 620N Venus 545.6N
Earth 1450N Uranus 1305.0N
Earth 1270N Moon 203.2N
Earth 920N Uranus 828.0N
Earth 1470N Sun 43071.0N
Earth 780N Uranus 702.0N
Earth 1040N Pluto 51.0N
Earth 540N Moon 86.4N
Earth 1360N Saturn 1428.0N
Earth 850N Moon 136.0N
Earth 1000N Pluto 49.0N
Earth 1390N Mercury 514.3N
Earth 500N Uranus 450.0N
Earth 1130N Pluto 55.4N
Earth 580N Saturn 609.0N
Earth 1180N Sun 34574.0N
Earth 1090N Mercury 403.3N
Earth 1130N Moon 180.8N
Earth 840N Neptune 982.8N
Earth 710N Sun 20803.0N
Earth 1310N Venus 1152.8N
Earth 410N Neptune 479.7N
Earth 810N Uranus 729.0N
Earth 870N Mercury 321.9N
Earth 740N Mercury 273.8N
Earth 730N Venus 642.4N
Earth 920N Pluto 45.1N
Earth 1320N Saturn 1386.0N
Earth 1100N Saturn 1155.0N
Earth 1100N Neptune 1287.0N
Earth 1100N Neptune 1287.0N
Earth 730N Mercury 270.1N
Earth 490N Moon 78.4N
Earth 740N Venus 651.2N
Earth 940N Uranus 846.0N
Earth 850N Saturn 892.5N
Earth 690N Neptune 807.3N
Earth 1340N Sun 39262.0N
Earth 660N Neptune 772.2N
Earth 1070N Neptune 1251.9N
Earth 890N Sun 26077.0N
Earth 620N Mercury 229.4N
Earth 1370N Venus 1205.6N
Earth 660N Venus 580.8N
Earth 820N Uranus 738.0N
Earth 1040N Moon 166.4N
Earth 1070N Pluto 52.4N
Earth 860N Sun 25198.0N
Earth 810N Sun 23733.0N
Earth 960N Uranus 864.0N
Earth 540N Sun 15822.0N
Earth 450N Pluto 22.1N
Earth 1470N Venus 1293.6N
Earth 680N Saturn 714.0N
Earth 630N Moon 100.8N
Earth 1400N Mercury 518.0N
Earth 1400N Mercury 518.0N
Earth 1120N Neptune 1310.4N
Earth 730N Neptune 854.1N
Earth 1020N Mercury 377.4N
Earth 1240N Uranus 1116.0N
Earth 750N Mercury 277.5N
Earth 430N Neptune 503.1N
Earth 640N Sun 18752.0N
Earth 510N Pluto 25.0N
Earth 840N Uranus 756.0N
Earth 1160N Saturn 1218.0N
Earth 1430N Moon 228.8N
Earth 1120N Uranus 1008.0N
Earth 1240N Neptune 1450.8N
Earth 1240N Uranus 1116.0N
Earth 460N Moon 73.6N
Earth 1470N Neptune 1719.9N
Earth 910N Pluto 44.6N
Earth 1470N Sun 43071.0N
Earth 980N Neptune 1146.6N
Earth 1230N Pluto 60.3N
Earth 1350N Neptune 1579.5N
Earth 850N Moon 136.0N
Earth 1030N Uranus 927.0N
Earth 810N Pluto 39.7N
Earth 1000N Venus 880.0N
Earth 1440N Mercury 532.8N
Earth 1180N Neptune 1380.6N
Earth 1270N Pluto 62.2N
Earth 820N Saturn 861.0N
Earth 1080N Venus 950.4N
Earth 780N Pluto 38.2N
Earth 780N Neptune 912.6N
Earth 650N Sun 19045.0N
Earth 650N Sun 19045.0N
Earth 1340N Venus 1179.2N
Earth 680N Saturn 714.0N
Earth 1190N Venus 1047.2N
Earth 610N Venus 536.8N
Earth 740N Sun 21682.0N
Earth 1090N Venus 959.2N
Earth 690N Mercury 255.3N
Earth 1340N Sun 39262.0N
Earth 450N Venus 396.0N
Earth 1500N Neptune 1755.0N
Earth 410N Uranus 369.0N
Earth 810N Uranus 729.0N
Earth 430N Pluto 21.1N
Earth 1010N Pluto 49.5N
Earth 510N Sun 14943.0N
Earth 1100N Pluto 53.9N
Earth 1330N Saturn 1396.5N
Earth 530N Sun 15529.0N
Earth 1420N Venus 1249.6N
Earth 990N Moon 158.4N
Earth 1180N Saturn 1239.0N
Earth 1350N Neptune 1579.5N
Earth 580N Moon 92.8N
Earth 660N Saturn 693.0N
Earth 560N Neptune 655.2N
Earth 1150N Neptune 1345.5N
Earth 500N Venus 440.0N
Earth 730N Mercury 270.1N
Earth 1210N Neptune 1415.7N
Earth 1260N Sun 36918.0N
Earth 970N Moon 155.2N
Earth 1390N Neptune 1626.3N
Earth 520N Neptune 608.4N
Earth 1430N Venus 1258.4N
Earth 650N Mercury 240.5N
Earth 810N Pluto 39.7N
Earth 590N Neptune 690.3N
Earth 1260N Mercury 466.2N
Earth 660N Sun 19338.0N
Earth 510N Sun 14943.0N
Earth 780N Venus 686.4N
Earth 910N Uranus 819.0N
Earth 1370N Pluto 67.1N
Earth 1310N Uranus 1179.0N
Earth 800N Neptune 936.0N
Earth 820N Saturn 861.0N
Earth 1360N Saturn 1428.0N
Earth 520N Pluto 25.5N
Earth 1220N Neptune 1427.4N
Earth 720N Neptune 842.4N
Earth 1110N Moon 177.6N
Earth 570N Uranus 513.0N
Earth 1240N Uranus 1116.0N
Earth 1490N Neptune 1743.3N
Earth 1290N Uranus 1161.0N
Earth 780N Moon 124.8N
Earth 1120N Neptune 1310.4N
Earth 980N Saturn 1029.0N
Earth 820N Saturn 861.0N
Earth 550N Sun 16115.0N
Earth 970N Pluto 47.5N
Earth 1230N Neptune 1439.1N
Earth 1420N Pluto 69.6N
Earth 1090N Saturn 1144.5N
Earth 1360N Mercury 503.2N
Earth 1000N Saturn 1050.0N
Earth 800N Mercury 296.0N
Earth 1430N Saturn 1501.5N
Earth 600N Moon 96.0N
Earth 1180N Moon 188.8N
Earth 1010N Sun 29593.0N
Earth 1440N Neptune 1684.8N
Earth 1020N Neptune 1193.4N
Earth 580N Venus 510.4N
Earth 1110N Venus 976.8N
Earth 1440N Mercury 532.8N
Earth 570N Moon 91.2N
Earth 990N Venus 871.2N
Earth 990N Venus 871.2N
Earth 1330N Uranus 1197.0N
Earth 1370N Sun 40141.0N
Earth 1040N Pluto 51.0N
Earth 640N Neptune 748.8N
Earth 760N Venus 668.8N
Earth 460N Moon 73.6N
Earth 500N Uranus 450.0N
Earth 1030N Moon 164.8N
Earth 590N Venus 519.2N
Earth 870N Neptune 1017.9N
Earth 530N Uranus 477.0N
Earth 1390N Saturn 1459.5N
Earth 1060N Venus 932.8N
Earth 870N Mercury 321.9N
Earth 450N Mercury 166.5N
Earth 710N Sun 20803.0N
Earth 1100N Sun 32230.0N
Earth 980N Moon 156.8N
Earth 810N Venus 712.8N
Earth 1310N Uranus 1179.0N
Earth 440N Pluto 21.6N
Earth 890N Saturn 934.5N
Earth 700N Sun 20510.0N
Earth 790N Moon 126.4N
Earth 1290N Mercury 477.3N
Earth 930N Uranus 837.0N
Earth 740N Mercury 273.8N
Earth 960N Uranus 864.0N
Earth 630N Sun 18459.0N
Earth 980N Pluto 48.0N
Earth 970N Pluto 47.5N
Earth 1150N Venus 1012.0N
Earth 690N Pluto 33.8N
Earth 910N Venus 800.8N
Earth 490N Neptune 573.3N
Earth 1120N Uranus 1008.0N
Earth 1030N Pluto 50.5N
Earth 790N Sun 23147.0N
Earth 870N Saturn 913.5N
Earth 770N Sun 22561.0N
Earth 1410N Moon 225.6N
Earth 600N Venus 528.0N
Earth 770N Venus 677.6N
Earth 810N Mercury 299.7N
Earth 700N Neptune 819.0N
Earth 1010N Moon 161.6N
Earth 1440N Pluto 70.6N
Earth 870N Sun 25491.0N
Earth 1390N Saturn 1459.5N
Earth 1000N Venus 880.0N
Earth 570N Mercury 210.9N
Earth 1190N Sun 34867.0N
Earth 1320N Sun 38676.0N
Earth 980N Saturn 1029.0N
Earth 690N Neptune 807.3N
Earth 510N Saturn 535.5N
Earth 830N Venus 730.4N
Earth 780N Sun 22854.0N
Earth 620N Moon 99.2N
Earth 670N Mercury 247.9N
Earth 1500N Venus 1320.0N
Earth 1390N Saturn 1459.5N
Earth 1420N Venus 1249.6N
Earth 1390N Sun 40727.0N
Earth 1280N Pluto 62.7N
Earth 770N Uranus 693.0N
Earth 650N Uranus 585.0N
Earth 1130N Sun 33109.0N
Earth 1290N Mercury 477.3N
Earth 1210N Uranus 1089.0N
Earth 1090N Pluto 53.4N
Earth 600N Moon 96.0N
Earth 900N Neptune 1053.0N
Earth 1250N Moon 200.0N
Earth 1230N Sun 36039.0N
Earth 660N Uranus 594.0N
Earth 750N Mercury 277.5N
Earth 760N Moon 121.6N
Earth 640N Saturn 672.0N
Earth 1450N Venus 1276.0N
Earth 660N Moon 105.6N
Earth 770N Sun 22561.0N
Earth 890N Venus 783.2N
Earth 660N Pluto 32.3N
Earth 990N Pluto 48.5N
Earth 1310N Saturn 1375.5N
Earth 870N Pluto 42.6N
Earth 1440N Uranus 1296.0N
Earth 1280N Pluto 62.7N
Earth 1160N Venus 1020.8N
Earth 1200N Sun 35160.0N
Earth 1290N Saturn 1354.5N
Earth 630N Uranus 567.0N
Earth 1400N Neptune 1638.0N
Earth 1200N Neptune 1404.0N
Earth 810N Uranus 729.0N
Earth 530N Sun 15529.0N
Earth 670N Moon 107.2N
Earth 1470N Sun 43071.0N
Earth 1470N Neptune 1719.9N
Earth 980N Venus 862.4N
Earth 1450N Neptune 1696.5N
Earth 1370N Uranus 1233.0N
Earth 880N Mercury 325.6N
Earth 770N Mercury 284.9N
Earth 1090N Moon 174.4N
Earth 720N Uranus 648.0N
Earth 1270N Uranus 1143.0N
Earth 1290N Saturn 1354.5N
Earth 1300N Sun 38090.0N
Earth 1070N Mercury 395.9N
Earth 950N Uranus 855.0N
Earth 610N Sun 17873.0N
Earth 740N Venus 651.2N
Earth 980N Moon 156.8N
Earth 1440N Neptune 1684.8N
Earth 1130N Uranus 1017.0N
Earth 840N Venus 739.2N
Earth 1060N Moon 169.6N
Earth 740N Venus 651.2N
Earth 680N Saturn 714.0N
Earth 480N Saturn 504.0N
Earth 450N Uranus 405.0N
Earth 530N Uranus 477.0N
Earth 1090N Saturn 1144.5N
Earth 450N Pluto 22.1N
Earth 1490N Neptune 1743.3N
Earth 560N Moon 89.6N
Earth 970N Uranus 873.0N
Earth 480N Pluto 23.5N
Earth 1230N Uranus 1107.0N
Earth 560N Venus 492.8N
Earth 1450N Saturn 1522.5N
Earth 1350N Venus 1188.0N
Earth 1230N Pluto 60.3N
Earth 530N Moon 84.8N
Earth 1080N Uranus 972.0N
Earth 640N Moon 102.4N
Earth 1410N Uranus 1269.0N
Earth 1450N Neptune 1696.5N
Earth 1310N Venus 1152.8N
Earth 470N Pluto 23.0N
Earth 810N Mercury 299.7N
Earth 930N Mercury 344.1N
Earth 1450N Pluto 71.1N
Earth 890N Venus 783.2N
Earth 1260N Neptune 1474.2N
Earth 610N Uranus 549.0N
Earth 950N Neptune 1111.5N
Earth 970N Neptune 1134.9N
Earth 1280N Moon 204.8N
Earth 850N Neptune 994.5N
Earth 790N Neptune 924.3N
Earth 600N Uranus 540.0N
Earth 620N Uranus 558.0N
Earth 930N Uranus 837.0N
Earth 1240N Neptune 1450.8N
Earth 700N Pluto 34.3N
Earth 1180N Neptune 1380.6N
Earth 640N Neptune 748.8N
Earth 1190N Moon 190.4N
Earth 1220N Neptune 1427.4N
Earth 1050N Pluto 51.5N
Earth 980N Sun 28714.0N
Earth 1130N Venus 994.4N
Earth 1180N Moon 188.8N
Earth 1270N Sun 37211.0N
Earth 850N Moon 136.0N
Earth 560N Mercury 207.2N
Earth 1300N Sun 38090.0N
Earth 530N Moon 84.8N
Earth 500N Neptune 585.0N
Earth 1220N Saturn 1281.0N
Earth 820N Saturn 861.0N
Earth 480N Pluto 23.5N
Earth 1480N Moon 236.8N
Earth 940N Saturn 987.0N
Earth 1210N Saturn 1270.5N
Earth 1420N Venus 1249.6N
Earth 1070N Moon 171.2N
Earth 720N Moon 115.2N
Earth 1150N Uranus 1035.0N
Earth 1110N Sun 32523.0N
Earth 430N Mercury 159.1N
Earth 750N Mercury 277.5N
Earth 830N Uranus 747.0N
Earth 1420N Moon 227.2N
Earth 1110N Uranus 999.0N
Earth 1220N Neptune 1427.4N
Earth 480N Mercury 177.6N
Earth 1140N Neptune 1333.8N
Earth 500N Pluto 24.5N
Earth 1000N Pluto 49.0N
Earth 1460N Neptune 1708.2N
Earth 810N Venus 712.8N
Earth 820N Sun 24026.0N
Earth 530N Neptune 620.1N
Earth 450N Venus 396.0N
Earth 810N Neptune 947.7N
Earth 760N Uranus 684.0N
Earth 1090N Uranus 981.0N
Earth 1040N Saturn 1092.0N
Earth 590N Uranus 531.0N
Earth 1430N Uranus 1287.0N
Earth 900N Saturn 945.0N
Earth 940N Sun 27542.0N
Earth 1220N Uranus 1098.0N
Earth 920N Venus 809.6N
Earth 1410N Saturn 1480.5N
Earth 770N Venus 677.6N
Earth 960N Pluto 47.0N
Earth 480N Saturn 504.0N
Earth 660N Sun 19338.0N
Earth 490N Sun 14357.0N
Earth 650N Uranus 585.0N
Earth 1330N Venus 1170.4N
Earth 1330N Pluto 65.2N
Earth 1090N Pluto 53.4N
Earth 1360N Venus 1196.8N
Earth 810N Pluto 39.7N
Earth 1360N Neptune 1591.2N
Earth 1080N Saturn 1134.0N
Earth 890N Saturn 934.5N
Earth 1030N Saturn 1081.5N
Earth 1280N Neptune 1497.6N
Earth 1360N Venus 1196.8N
Earth 1030N Mercury 381.1N
Earth 1000N Pluto 49.0N
Earth 1090N Pluto 53.4N
Earth 1430N Sun 41899.0N
Earth 860N Sun 25198.0N
Earth 760N Sun 22268.0N
Earth 650N Neptune 760.5N
Earth 420N Neptune 491.4N
Earth 900N Venus 792.0N
Earth 770N Neptune 900.9N
Earth 1500N Neptune 1755.0N
Earth 1360N Sun 39848.0N
Earth 900N Pluto 44.1N
Earth 520N Mercury 192.4N
Earth 690N Sun 20217.0N
Earth 670N Neptune 783.9N
Earth 1180N Neptune 1380.6N
Earth 680N Saturn 714.0N
Earth 1000N Uranus 900.0N
Earth 1190N Moon 190.4N
Earth 1030N Venus 906.4N
Earth 770N Pluto 37.7N
Earth 570N Sun 16701.0N
Earth 1340N Neptune 1567.8N
Earth 1440N Pluto 70.6N
Earth 740N Saturn 777.0N
Earth 1480N Pluto 72.5N
Earth 1320N Pluto 64.7N
Earth 1500N Uranus 1350.0N
Earth 1070N Sun 31351.0N
Earth 410N Pluto 20.1N
Earth 730N Moon 116.8N
Earth 700N Mercury 259.0N
Earth 770N Mercury 284.9N
Earth 590N Uranus 531.0N
Earth 1390N Pluto 68.1N
Earth 890N Venus 783.2N
Earth 1160N Uranus 1044.0N
Earth 1050N Uranus 945.0N
Earth 1360N Saturn 1428.0N
Earth 710N Moon 113.6N
Earth 690N Mercury 255.3N
Earth 1100N Saturn 1155.0N
Earth 1270N Saturn 1333.5N
Earth 1040N Moon 166.4N
Earth 640N Venus 563.2N
Earth 1280N Uranus 1152.0N
Earth 1130N Mercury 418.1N
Earth 600N Pluto 29.4N
Earth 920N Sun 26956.0N
Earth 1160N Neptune 1357.2N
Earth 1030N Uranus 927.0N
Earth 830N Pluto 40.7N
Earth 680N Venus 598.4N
Earth 1150N Sun 33695.0N
Earth 1020N Mercury 377.4N
Earth 1130N Pluto 55.4N
Earth 460N Uranus 414.0N
Earth 1050N Pluto 51.5N
Earth 410N Venus 360.8N
Earth 880N Saturn 924.0N
Earth 1050N Mercury 388.5N
Earth 980N Neptune 1146.6N
Earth 1090N Pluto 53.4N
Earth 910N Sun 26663.0N
Earth 1110N Neptune 1298.7N
Earth 520N Sun 15236.0N
Earth 780N Saturn 819.0N
Earth 1070N Venus 941.6N
Earth 610N Moon 97.6N
Earth 1220N Uranus 1098.0N
Earth 1230N Saturn 1291.5N
Earth 670N Saturn 703.5N
Earth 1100N Mercury 407.0N
Earth 490N Uranus 441.0N
Earth 430N Sun 12599.0N
Earth 1420N Saturn 1491.0N
Earth 580N Neptune 678.6N
Earth 1240N Moon 198.4N
Earth 630N Sun 18459.0N
Earth 1030N Sun 30179.0N
Earth 1050N Saturn 1102.5N
Earth 400N Pluto 19.6N
Earth 460N Mercury 170.2N
Earth 1170N Pluto 57.3N
Earth 700N Mercury 259.0N
Earth 620N Saturn 651.0N
Earth 1470N Uranus 1323.0N
Earth 1420N Saturn 1491.0N
Earth 660N Venus 580.8N
Earth 1050N Mercury 388.5N
Earth 1440N Venus 1267.2N
Earth 1040N Venus 915.2N
Earth 510N Venus 448.8N
Earth 960N Saturn 1008.0N
Earth 600N Uranus 540.0N
Earth 470N Mercury 173.9N
Earth 510N Sun 14943.0N
Earth 1190N Venus 1047.2N
Earth 490N Sun 14357.0N
Earth 540N Venus 475.2N
Earth 1100N Venus 968.0N
Earth 570N Mercury 210.9N
Earth 810N Moon 129.6N
Earth 1200N Saturn 1260.0N
Earth 630N Mercury 233.1N
Earth 740N Neptune 865.8N
Earth 1340N Mercury 495.8N
Earth 780N Venus 686.4N
Earth 920N Venus 809.6N
Earth 860N Sun 25198.0N
Earth 420N Moon 67.2N
Earth 1200N Uranus 1080.0N
Earth 1300N Moon 208.0N
Earth 480N Mercury 177.6N
Earth 1360N Uranus 1224.0N
Earth 950N Moon 152.0N
Earth 1330N Uranus 1197.0N
Earth 1440N Saturn 1512.0N
Earth 1120N Uranus 1008.0N
Earth 1080N Saturn 1134.0N
Earth 800N Pluto 39.2N
Earth 760N Mercury 281.2N
Earth 840N Saturn 882.0N
Earth 980N Moon 156.8N
Earth 700N Mercury 259.0N
Earth 970N Mercury 358.9N
Earth 640N Neptune 748.8N
Earth 780N Moon 124.8N
Earth 800N Pluto 39.2N
Earth 1240N Venus 1091.2N
Earth 790N Moon 126.4N
Earth 1010N Neptune 1181.7N
Earth 570N Venus 501.6N
Earth 810N Mercury 299.7N
Earth 730N Pluto 35.8N
Earth 970N Saturn 1018.5N
Earth 1110N Mercury 410.7N
Earth 570N Moon 91.2N
Earth 1130N Saturn 1186.5N
Earth 980N Mercury 362.6N
Earth 970N Venus 853.6N
Earth 600N Uranus 540.0N
Earth 1390N Neptune 1626.3N
Earth 1350N Pluto 66.2N
Earth 1280N Mercury 473.6N
Earth 730N Saturn 766.5N
Earth 720N Mercury 266.4N
Earth 740N Saturn 777.0N
Earth 530N Saturn 556.5N
Earth 1240N Uranus 1116.0N
Earth 470N Sun 13771.0N
Earth 1080N Uranus 972.0N
Earth 420N Saturn 441.0N
Earth 1350N Venus 1188.0N
Earth 980N Uranus 882.0N
Earth 420N Neptune 491.4N
Earth 510N Moon 81.6N
Earth 1110N Pluto 54.4N
Earth 1060N Uranus 954.0N
Earth 1460N Venus 1284.8N
Earth 990N Mercury 366.3N
Earth 1310N Pluto 64.2N
Earth 540N Venus 475.2N
Earth 760N Venus 668.8N
Earth 1250N Neptune 1462.5N
Earth 1220N Neptune 1427.4N
Earth 1320N Pluto 64.7N
Earth 1420N Sun 41606.0N
Earth 470N Pluto 23.0N
Earth 1330N Venus 1170.4N
Earth 500N Neptune 585.0N
Earth 1350N Sun 39555.0N
Earth 880N Uranus 792.0N
Earth 650N Neptune 760.5N
Earth 1120N Moon 179.2N
Earth 690N Venus 607.2N
Earth 990N Sun 29007.0N
Earth 860N Sun 25198.0N
Earth 1170N Uranus 1053.0N
Earth 1030N Uranus 927.0N
Earth 470N Venus 413.6N
Earth 1490N Saturn 1564.5N
Earth 980N Saturn 1029.0N
Earth 870N Venus 765.6N
Earth 710N Saturn 745.5N
Earth 700N Neptune 819.0N
Earth 1240N Neptune 1450.8N
Earth 690N Uranus 621.0N
Earth 1280N Mercury 473.6N
Earth 1060N Sun 31058.0N
Earth 1400N Neptune 1638.0N
Earth 730N Venus 642.4N
Earth 1040N Mercury 384.8N
Earth 950N Neptune 1111.5N
Earth 1380N Uranus 1242.0N
Earth 850N Saturn 892.5N
Earth 1230N Mercury 455.1N
Earth 1170N Moon 187.2N
Earth 700N Moon 112.0N
Earth 490N Venus 431.2N
Earth 1310N Saturn 1375.5N
Earth 1190N Moon 190.4N
Earth 450N Moon 72.0N
Earth 450N Uranus 405.0N
Earth 1390N Pluto 68.1N
Earth 690N Neptune 807.3N
Earth 1310N Venus 1152.8N
Earth 720N Neptune 842.4N
Earth 1170N Pluto 57.3N
Earth 780N Saturn 819.0N
Earth 1430N Moon 228.8N
Earth 1020N Uranus 918.0N
Earth 1190N Sun 34867.0N
Earth 1470N Saturn 1543.5N
Earth 700N Uranus 630.0N
Earth 590N Sun 17287.0N
Earth 420N Venus 369.6N
Earth 650N Uranus 585.0N
Earth 1000N Uranus 900.0N
Earth 1300N Saturn 1365.0N
Earth 510N Uranus 459.0N
Earth 1480N Mercury 547.6N
Earth 510N Sun 14943.0N
Earth 920N Mercury 340.4N
Earth 790N Venus 695.2N
Earth 980N Neptune 1146.6N
Earth 640N Uranus 576.0N
Earth 950N Pluto 46.5N
Earth 590N Uranus 531.0N
Earth 1370N Pluto 67.1N
Earth 680N Neptune 795.6N
Earth 830N Saturn 871.5N
Earth 1460N Mercury 540.2N
Earth 630N Sun 18459.0N
Earth 750N Pluto 36.8N
Earth 720N Pluto 35.3N
Earth 990N Neptune 1158.3N
Earth 1230N Saturn 1291.5N
Earth 1100N Saturn 1155.0N
Earth 1400N Mercury 518.0N
Earth 1040N Pluto 51.0N
Earth 540N Venus 475.2N
Earth 550N Neptune 643.5N
Earth 840N Neptune 982.8N
Earth 670N Mercury 247.9N
Earth 540N Sun 15822.0N
Earth 920N Saturn 966.0N
Earth 1490N Uranus 1341.0N
Earth 1330N Saturn 1396.5N
Earth 900N Neptune 1053.0N
Earth 530N Neptune 620.1N
Earth 1390N Pluto 68.1N
Earth 420N Moon 67.2N
Earth 770N Moon 123.2N
Earth 1080N Moon 172.8N
Earth 860N Uranus 774.0N
Earth 590N Mercury 218.3N
Earth 1200N Sun 35160.0N
Earth 1190N Neptune 1392.3N
Earth 1150N Neptune 1345.5N
Earth 600N Uranus 540.0N
Earth 930N Moon 148.8N
Earth 840N Mercury 310.8N
Earth 1210N Pluto 59.3N
Earth 1320N Venus 1161.6N
Earth 760N Moon 121.6N
Earth 620N Sun 18166.0N
Earth 750N Sun 21975.0N
Earth 620N Mercury 229.4N
Earth 840N Moon 134.4N
Earth 460N Pluto 22.5N
Earth 1080N Saturn 1134.0N
Earth 1400N Uranus 1260.0N
Earth 420N Pluto 20.6N
Earth 1460N Sun 42778.0N
Earth 480N Venus 422.4N
Earth 1230N Mercury 455.1N
Earth 730N Sun 21389.0N
Earth 510N Mercury 188.7N
Earth 930N Moon 148.8N
Earth 750N Venus 660.0N
Earth 1200N Moon 192.0N
Earth 560N Neptune 655.2N
Earth 440N Venus 387.2N
Earth 1310N Mercury 484.7N
Earth 930N Sun 27249.0N
Earth 1470N Neptune 1719.9N
Earth 850N Sun 24905.0N
Earth 1260N Moon 201.6N
Earth 1360N Uranus 1224.0N
Earth 1020N Mercury 377.4N
Earth 750N Mercury 277.5N
Earth 820N Uranus 738.0N
Earth 700N Pluto 34.3N
Earth 960N Saturn 1008.0N
Earth 1010N Mercury 373.7N
Earth 710N Sun 20803.0N
Earth 950N Pluto 46.5N
Earth 630N Uranus 567.0N
Earth 1230N Sun 36039.0N
Earth 940N Uranus 846.0N
Earth 480N Mercury 177.6N
Earth 1390N Venus 1223.2N
Earth 990N Venus 871.2N
Earth 1370N Moon 219.2N
Earth 1470N Mercury 543.9N
Earth 600N Moon 96.0N
Earth 510N Pluto 25.0N
Earth 990N Neptune 1158.3N
Earth 1260N Moon 201.6N
Earth 790N Saturn 829.5N
Earth 1250N Saturn 1312.5N
Earth 1240N Moon 198.4N
Earth 830N Uranus 747.0N
Earth 950N Saturn 997.5N
Earth 1230N Mercury 455.1N
Earth 920N Pluto 45.1N
Earth 1260N Sun 36918.0N
Earth 1350N Neptune 1579.5N
Earth 1240N Uranus 1116.0N
Earth 690N Venus 607.2N
Earth 1120N Sun 32816.0N
Earth 790N Neptune 924.3N
Earth 1430N Uranus 1287.0N
Earth 720N Uranus 648.0N
Earth 860N Venus 756.8N
Earth 1130N Saturn 1186.5N
Earth 1240N Pluto 60.8N
Earth 490N Moon 78.4N
Earth 1470N Venus 1293.6N
Earth 840N Moon 134.4N
Earth 1290N Uranus 1161.0N
Earth 1420N Uranus 1278.0N
Earth 720N Neptune 842.4N
Earth 1000N Moon 160.0N
Earth 850N Uranus 765.0N
Earth 1080N Pluto 52.9N
Earth 1160N Venus 1020.8N
Earth 1470N Moon 235.2N
Earth 1400N Moon 224.0N
Earth 640N Pluto 31.4N
Earth 730N Venus 642.4N
Earth 1430N Pluto 70.1N
Earth 1050N Neptune 1228.5N
Earth 970N Saturn 1018.5N
Earth 1300N Venus 1144.0N
Earth 470N Pluto 23.0N
Earth 440N Uranus 396.0N
Earth 440N Neptune 514.8N
Earth 1160N Uranus 1044.0N
Earth 730N Sun 21389.0N
Earth 840N Venus 739.2N
Earth 820N Neptune 959.4N
Earth 650N Uranus 585.0N
Earth 550N Mercury 203.5N
Earth 500N Moon 80.0N
Earth 480N Venus 422.4N
Earth 740N Neptune 865.8N
Earth 1360N Pluto 66.6N
Earth 490N Sun 14357.0N
Earth 460N Moon 73.6N
Earth 650N Uranus 585.0N
Earth 1170N Sun 34281.0N
Earth 540N Mercury 199.8N
Earth 980N Pluto 48.0N
Earth 810N Sun 23733.0N
Earth 470N Neptune 549.9N
Earth 450N Moon 72.0N
Earth 770N Venus 677.6N
Earth 610N Saturn 640.5N
Earth 720N Pluto 35.3N
Earth 650N Mercury 240.5N
Earth 990N Venus 871.2N
Earth 790N Saturn 829.5N
Earth 740N Neptune 865.8N
Earth 400N Uranus 360.0N
Earth 1080N Mercury 399.6N
Earth 910N Neptune 1064.7N
Earth 1190N Saturn 1249.5N
Earth 950N Pluto 46.5N
Earth 1220N Venus 1073.6N
Earth 530N Pluto 26.0N
Earth 920N Pluto 45.1N
Earth 1480N Venus 1302.4N
Earth 1380N Neptune 1614.6N
Earth 550N Pluto 27.0N
Earth 1080N Moon 172.8N
Earth 600N Pluto 29.4N
Earth 1040N Mercury 384.8N
Earth 710N Moon 113.6N
Earth 490N Pluto 24.0N
Earth 1220N Uranus 1098.0N
Earth 560N Sun 16408.0N
Earth 400N Mercury 148.0N
Earth 1180N Uranus 1062.0N
Earth 400N Uranus 360.0N
Earth 1410N Uranus 1269.0N
Earth 1110N Moon 177.6N
Earth 1440N Venus 1267.2N
Earth 1210N Neptune 1415.7N
Earth 900N Mercury 333.0N
Earth 1200N Uranus 1080.0N
Earth 1310N Venus 1152.8N
Earth 1130N Neptune 1322.1N
Earth 1160N Saturn 1218.0N
Earth 950N Saturn 997.5N
Earth 860N Saturn 903.0N
Earth 940N Pluto 46.1N
Earth 1140N Pluto 55.9N
Earth 530N Venus 466.4N
Earth 860N Pluto 42.1N
Earth 960N Sun 28128.0N
Earth 1240N Sun 36332.0N
Earth 640N Saturn 672.0N
Earth 560N Venus 492.8N
Earth 1050N Uranus 945.0N
Earth 470N Uranus 423.0N
Earth 930N Uranus 837.0N
Earth 1450N Moon 232.0N
Earth 860N Uranus 774.0N
Earth 1200N Venus 1056.0N
Earth 1150N Pluto 56.4N
Earth 1090N Venus 959.2N
Earth 1250N Neptune 1462.5N
Earth 590N Venus 519.2N
Earth 820N Moon 131.2N
Earth 1180N Pluto 57.8N
Earth 1330N Sun 38969.0N
Earth 1050N Venus 924.0N
Earth 730N Pluto 35.8N
Earth 820N Uranus 738.0N
Earth 1030N Uranus 927.0N
Earth 1490N Sun 43657.0N
Earth 1000N Pluto 49.0N
Earth 1280N Mercury 473.6N
Earth 880N Neptune 1029.6N
Earth 740N Mercury 273.8N
Earth 410N Moon 65.6N
Earth 1200N Sun 35160.0N
Earth 1360N Moon 217.6N
Earth 700N Mercury 259.0N
Earth 570N Venus 501.6N
Earth 620N Pluto 30.4N
Earth 1210N Saturn 1270.5N
Earth 1170N Neptune 1368.9N
Earth 550N Moon 88.0N
Earth 1440N Sun 42192.0N
Earth 700N Sun 20510.0N
Earth 530N Mercury 196.1N
Earth 850N Sun 24905.0N
Earth 1380N Pluto 67.6N
Earth 860N Venus 756.8N
Earth 1160N Venus 1020.8N
Earth 710N Saturn 745.5N
Earth 1290N Sun 37797.0N
Earth 1190N Venus 1047.2N
Earth 470N Pluto 23.0N
Earth 630N Uranus 567.0N
Earth 460N Saturn 483.0N
Earth 570N Pluto 27.9N
Earth 690N Mercury 255.3N
Earth 630N Venus 554.4N
Earth 1300N Pluto 63.7N
Earth 1330N Sun 38969.0N
Earth 900N Venus 792.0N
Earth 1280N Sun 37504.0N
Earth 740N Venus 651.2N
Earth 690N Moon 110.4N
Earth 880N Pluto 43.1N
Earth 660N Venus 580.8N
Earth 540N Saturn 567.0N
Earth 1110N Sun 32523.0N
Earth 1210N Pluto 59.3N
Earth 440N Venus 387.2N
Earth 1390N Mercury 514.3N
Earth 800N Pluto 39.2N
Earth 1090N Uranus 981.0N
Earth 920N Moon 147.2N
Earth 900N Neptune 1053.0N
Earth 410N Mercury 151.7N
Earth 1490N Mercury 551.3N
Earth 1010N Saturn 1060.5N
Earth 1080N Saturn 1134.0N
Earth 620N Neptune 725.4N
Earth 690N Saturn 724.5N
Earth 820N Moon 131.2N
Earth 460N Pluto 22.5N
Earth 650N Saturn 682.5N
Earth 700N Saturn 735.0N
Earth 1020N Moon 163.2N
Earth 630N Pluto 30.9N
Earth 1340N Neptune 1567.8N
Earth 960N Neptune 1123.2N
Earth 1020N Sun 29886.0N
Earth 790N Pluto 38.7N
Earth 1410N Uranus 1269.0N
Earth 960N Sun 28128.0N
Earth 1060N Saturn 1113.0N
Earth 1150N Venus 1012.0N
Earth 620N Pluto 30.4N
Earth 960N Mercury 355.2N
Earth 960N Mercury 355.2N
Earth 1130N Pluto 55.4N
Earth 1350N Neptune 1579.5N
Earth 1370N Uranus 1233.0N
Earth 1170N Saturn 1228.5N
Earth 850N Uranus 765.0N
Earth 880N Pluto 43.1N
Earth 1040N Pluto 51.0N
Earth 1480N Neptune 1731.6N
Earth 1070N Neptune 1251.9N
Earth 680N Saturn 714.0N
Earth 920N Uranus 828.0N
Earth 880N Saturn 924.0N
Earth 720N Saturn 756.0N
Earth 730N Pluto 35.8N
Earth 820N Moon 131.2N
Earth 1320N Moon 211.2N
Earth 940N Pluto 46.1N
Earth 1330N Moon 212.8N
Earth 880N Neptune 1029.6N
Earth 650N Venus 572.0N
Earth 1070N Venus 941.6N
Earth 500N Sun 14650.0N
Earth 700N Sun 20510.0N
Earth 1500N Saturn 1575.0N
Earth 480N Pluto 23.5N
Earth 1480N Uranus 1332.0N
Earth 610N Pluto 29.9N
Earth 1060N Venus 932.8N
Earth 1420N Uranus 1278.0N
Earth 1040N Sun 30472.0N
Earth 1250N Mercury 462.5N
Earth 1320N Moon 211.2N
Earth 530N Venus 466.4N
Earth 430N Sun 12599.0N
Earth 930N Mercury 344.1N
Earth 840N Sun 24612.0N
Earth 980N Mercury 362.6N
Earth 930N Saturn 976.5N
Earth 1150N Mercury 425.5N
Earth 1120N Saturn 1176.0N
Earth 1200N Mercury 444.0N
Earth 1080N Pluto 52.9N
Earth 860N Venus 756.8N
Earth 840N Neptune 982.8N
Earth 420N Pluto 20.6N
Earth 1080N Pluto 52.9N
Earth 1310N Mercury 484.7N
Earth 1280N Moon 204.8N
Earth 1500N Moon 240.0N
Earth 720N Moon 115.2N
Earth 400N Sun 11720.0N
Earth 1160N Sun 33988.0N
Earth 1070N Uranus 963.0N
Earth 1160N Mercury 429.2N
Earth 870N Neptune 1017.9N
Earth 1310N Sun 38383.0N
Earth 800N Mercury 296.0N
Earth 1220N Neptune 1427.4N
Earth 1140N Venus 1003.2N
Earth 790N Sun 23147.0N
Earth 400N Moon 64.0N
Earth 410N Uranus 369.0N
Earth 940N Uranus 846.0N
Earth 680N Pluto 33.3N
Earth 1020N Venus 897.6N
Earth 860N Venus 756.8N
Earth 840N Sun 24612.0N
Earth 1400N Pluto 68.6N
Earth 1050N Pluto 51.5N
Earth 720N Mercury 266.4N
Earth 1430N Moon 228.8N
Earth 740N Venus 651.2N
Earth 1030N Uranus 927.0N
Earth 1470N Moon 235.2N
Earth 1410N Mercury 521.7N
Earth 1160N Venus 1020.8N
Earth 1410N Saturn 1480.5N
Earth 840N Moon 134.4N
Earth 570N Sun 16701.0N
Earth 1070N Venus 941.6N
Earth 960N Venus 844.8N
Earth 1130N Uranus 1017.0N
Earth 860N Sun 25198.0N
Earth 1240N Mercury 458.8N
Earth 490N Moon 78.4N
Earth 1040N Mercury 384.8N
Earth 700N Neptune 819.0N
Earth 500N Moon 80.0N
Earth 1100N Sun 32230.0N
Earth 1130N Saturn 1186.5N
Earth 1260N Uranus 1134.0N
Earth 1440N Uranus 1296.0N
Earth 410N Neptune 479.7N
Earth 1350N Pluto 66.2N
Earth 440N Neptune 514.8N
Earth 460N Mercury 170.2N
Earth 970N Venus 853.6N
Earth 1460N Sun 42778.0N
Earth 490N Moon 78.4N
Earth 650N Mercury 240.5N
Earth 1350N Uranus 1215.0N
Earth 1310N Moon 209.6N
Earth 1250N Mercury 462.5N
Earth 1050N Pluto 51.5N
Earth 520N Sun 15236.0N
Earth 530N Mercury 196.1N
Earth 1360N Saturn 1428.0N
Earth 710N Uranus 639.0N
Earth 860N Venus 756.8N
Earth 510N Moon 81.6N
Earth 700N Mercury 259.0N
Earth 1080N Neptune 1263.6N
Earth 660N Mercury 244.2N
Earth 410N Neptune 479.7N
Earth 990N Moon 158.4N
Earth 480N Mercury 177.6N
Earth 1110N Pluto 54.4N
Earth 1460N Moon 233.6N
Earth 570N Neptune 666.9N
Earth 1070N Mercury 395.9N
Earth 660N Saturn 693.0N
Earth 740N Saturn 777.0N
Earth 970N Uranus 873.0N
Earth 410N Mercury 151.7N
Earth 1410N Sun 41313.0N
Earth 1390N Uranus 1251.0N
Earth 950N Pluto 46.5N
Earth 1290N Neptune 1509.3N
Earth 1480N Moon 236.8N
Earth 790N Sun 23147.0N
Earth 1440N Neptune 1684.8N
Earth 530N Sun 15529.0N
Earth 1050N Pluto 51.5N
Earth 1400N Saturn 1470.0N
Earth 1350N Mercury 499.5N
Earth 500N Saturn 525.0N
Earth 1090N Sun 31937.0N
Earth 950N Mercury 351.5N
Earth 1320N Neptune 1544.4N
Earth 1180N Pluto 57.8N
Earth 650N Venus 572.0N
Earth 1160N Sun 33988.0N
Earth 1480N Pluto 72.5N
Earth 440N Sun 12892.0N
Earth 1490N Venus 1311.2N
Earth 1470N Neptune 1719.9N
Earth 800N Neptune 936.0N
Earth 1010N Sun 29593.0N
Earth 1240N Venus 1091.2N
Earth 910N Mercury 336.7N
Earth 690N Sun 20217.0N
Earth 550N Neptune 643.5N
Earth 1070N Saturn 1123.5N
Earth 1200N Venus 1056.0N
Earth 700N Moon 112.0N
Earth 1170N Pluto 57.3N
Earth 900N Uranus 810.0N
Earth 720N Pluto 35.3N
Earth 610N Neptune 713.7N
Earth 1020N Uranus 918.0N
Earth 440N Venus 387.2N
Earth 710N Neptune 830.7N
Earth 820N Uranus 738.0N
Earth 470N Saturn 493.5N
Earth 780N Mercury 288.6N
Earth 1120N Sun 32816.0N
Earth 1190N Mercury 440.3N
Earth 850N Moon 136.0N
Earth 470N Sun 13771.0N
Earth 1110N Mercury 410.7N
Earth 1360N Pluto 66.6N
Earth 1400N Uranus 1260.0N
Earth 590N Saturn 619.5N
Earth 1110N Moon 177.6N
Earth 570N Venus 501.6N
Earth 1390N Uranus 1251.0N
Earth 1010N Neptune 1181.7N
Earth 660N Sun 19338.0N
Earth 910N Sun 26663.0N
Earth 740N Pluto 36.3N
Earth 1390N Neptune 1626.3N
Earth 1190N Moon 190.4N
Earth 1140N Saturn 1197.0N
Earth 520N Uranus 468.0N
Earth 1150N Venus 1012.0N
Earth 800N Uranus 720.0N
Earth 1450N Neptune 1696.5N
Earth 1000N Mercury 370.0N
Earth 700N Pluto 34.3N
Earth 1440N Moon 230.4N
Earth 980N Pluto 48.0N
Earth 1290N Pluto 63.2N
Earth 740N Mercury 273.8N
Earth 700N Venus 616.0N
Earth 700N Neptune 819.0N
Earth 1110N Uranus 999.0N
Earth 1120N Mercury 414.4N
Earth 850N Sun 24905.0N
Earth 590N Venus 519.2N
Earth 500N Uranus 450.0N
Earth 600N Pluto 29.4N
Earth 610N Venus 536.8N
Earth 1390N Uranus 1251.0N
Earth 890N Neptune 1041.3N
Earth 1150N Moon 184.0N
Earth 1050N Pluto 51.5N
Earth 1400N Sun 41020.0N
Earth 880N Mercury 325.6N
Earth 850N Saturn 892.5N
Earth 930N Pluto 45.6N
Earth 1480N Moon 236.8N
Earth 740N Neptune 865.8N
Earth 600N Sun 17580.0N
Earth 1100N Neptune 1287.0N
Earth 760N Sun 22268.0N
Earth 1270N Sun 37211.0N
Earth 750N Moon 120.0N
Earth 1340N Uranus 1206.0N
Earth 890N Pluto 43.6N
Earth 450N Sun 13185.0N
Earth 820N Mercury 303.4N
Earth 830N Neptune 971.1N
Earth 500N Sun 14650.0N
Earth 1190N Saturn 1249.5N
Earth 850N Neptune 994.5N
Earth 720N Neptune 842.4N
Earth 1110N Pluto 54.4N
Earth 990N Pluto 48.5N
Earth 1300N Sun 38090.0N
Earth 1420N Moon 227.2N
Earth 1060N Sun 31058.0N
Earth 1310N Uranus 1179.0N
Earth 950N Neptune 1111.5N
Earth 800N Pluto 39.2N
Earth 430N Sun 12599.0N
Earth 1010N Venus 888.8N
Earth 900N Neptune 1053.0N
Earth 1010N Uranus 909.0N
Earth 1090N Venus 959.2N
Earth 1360N Neptune 1591.2N
Earth 1220N Moon 195.2N
Earth 580N Moon 92.8N
Earth 1410N Uranus 1269.0N
Earth 520N Saturn 546.0N
Earth 1140N Saturn 1197.0N
Earth 800N Saturn 840.0N
Earth 590N Sun 17287.0N
Earth 420N Pluto 20.6N
Earth 1190N Sun 34867.0N
Earth 600N Uranus 540.0N
Earth 810N Neptune 947.7N
Earth 540N Venus 475.2N
Earth 450N Neptune 526.5N
Earth 620N Pluto 30.4N
Earth 1410N Moon 225.6N
Earth 630N Neptune 737.1N
Earth 970N Pluto 47.5N
Earth 1240N Sun 36332.0N
Earth 630N Moon 100.8N
Earth 1260N Saturn 1323.0N
Earth 1050N Uranus 945.0N
Earth 1330N Moon 212.8N
Earth 620N Venus 545.6N
Earth 570N Sun 16701.0N
Earth 740N Saturn 777.0N
Earth 810N Moon 129.6N
Earth 500N Uranus 450.0N
Earth 400N Moon 64.0N
Earth 860N Neptune 1006.2N
Earth 1240N Saturn 1302.0N
Earth 560N Moon 89.6N
Earth 460N Pluto 22.5N
Earth 1440N Venus 1267.2N
Earth 640N Pluto 31.4N
Earth 1310N Venus 1152.8N
Earth 1320N Uranus 1188.0N
Earth 720N Saturn 756.0N
Earth 1230N Pluto 60.3N
Earth 1220N Uranus 1098.0N
Earth 1270N Moon 203.2N
Earth 1180N Venus 1038.4N
Earth 800N Venus 704.0N
Earth 530N Pluto 26.0N
Earth 900N Venus 792.0N
Earth 470N Neptune 549.9N
Earth 480N Mercury 177.6N
Earth 1370N Moon 219.2N
Earth 1280N Mercury 473.6N
Earth 890N Saturn 934.5N
Earth 1460N Venus 1284.8N
Earth 1380N Venus 1214.4N
Earth 1250N Uranus 1125.0N
Earth 830N Pluto 40.7N
Earth 430N Neptune 503.1N
Earth 1020N Sun 29886.0N
Earth 1000N Pluto 49.0N
Earth 620N Venus 545.6N
Earth 500N Neptune 585.0N
Earth 560N Saturn 588.0N
Earth 490N Uranus 441.0N
Earth 1320N Uranus 1188.0N
Earth 1290N Pluto 63.2N
Earth 1060N Saturn 1113.0N
Earth 1450N Pluto 71.1N
Earth 1190N Pluto 58.3N
Earth 1250N Moon 200.0N
Earth 820N Saturn 861.0N
Earth 1010N Venus 888.8N
Earth 790N Sun 23147.0N
Earth 1030N Uranus 927.0N
Earth 1470N Sun 43071.0N
Earth 1260N Venus 1108.8N
Earth 1110N Mercury 410.7N
Earth 600N Pluto 29.4N
Earth 570N Moon 91.2N
Earth 590N Venus 519.2N
Earth 760N Uranus 684.0N
Earth 760N Uranus 684.0N
Earth 920N Uranus 828.0N
Earth 480N Neptune 561.6N
Earth 1250N Uranus 1125.0N
Earth 1470N Uranus 1323.0N
Earth 1240N Saturn 1302.0N
Earth 1410N Moon 225.6N
Earth 1240N Neptune 1450.8N
Earth 560N Uranus 504.0N
Earth 1140N Venus 1003.2N
Earth 400N Sun 11720.0N
Earth 420N Mercury 155.4N
Earth 650N Neptune 760.5N
Earth 1340N Uranus 1206.0N
Earth 770N Saturn 808.5N
Earth 1400N Mercury 518.0N
Earth 990N Neptune 1158.3N
Earth 760N Neptune 889.2N
Earth 1220N Venus 1073.6N
Earth 1160N Sun 33988.0N
Earth 470N Moon 75.2N
Earth 800N Pluto 39.2N
Earth 1390N Neptune 1626.3N
Earth 600N Pluto 29.4N
Earth 1110N Uranus 999.0N
Earth 650N Sun 19045.0N
Earth 830N Mercury 307.1N
Earth 890N Venus 783.2N
Earth 540N Sun 15822.0N
Earth 480N Moon 76.8N
Earth 850N Moon 136.0N
Earth 540N Mercury 199.8N
Earth 470N Venus 413.6N
Earth 1350N Pluto 66.2N
Earth 490N Sun 14357.0N
Earth 1470N Saturn 1543.5N
Earth 430N Venus 378.4N
Earth 870N Neptune 1017.9N
Earth 870N Saturn 913.5N
Earth 710N Moon 113.6N
Earth 720N Venus 633.6N
Earth 1260N Neptune 1474.2N
Earth 480N Moon 76.8N
Earth 1250N Sun 36625.0N
Earth 700N Pluto 34.3N
Earth 530N Uranus 477.0N
Earth 1410N Mercury 521.7N
Earth 820N Neptune 959.4N
Earth 1370N Uranus 1233.0N
Earth 1060N Mercury 392.2N
Earth 1320N Moon 211.2N
Earth 450N Mercury 166.5N
Earth 1320N Venus 1161.6N
Earth 1500N Saturn 1575.0N
Earth 1030N Pluto 50.5N
Earth 680N Venus 598.4N
Earth 800N Moon 128.0N
Earth 1070N Pluto 52.4N
Earth 900N Uranus 810.0N
Earth 1410N Mercury 521.7N
Earth 450N Neptune 526.5N
Earth 1400N Neptune 1638.0N
Earth 970N Neptune 1134.9N
Earth 1370N Pluto 67.1N
Earth 490N Neptune 573.3N
Earth 1380N Mercury 510.6N
Earth 1430N Pluto 70.1N
Earth 1100N Uranus 990.0N
Earth 1450N Moon 232.0N
Earth 900N Mercury 333.0N
Earth 1290N Uranus 1161.0N
Earth 1020N Mercury 377.4N
Earth 1410N Uranus 1269.0N
Earth 890N Mercury 329.3N
Earth 480N Neptune 561.6N
Earth 1390N Sun 40727.0N
Earth 1140N Pluto 55.9N
Earth 1280N Moon 204.8N
Earth 460N Saturn 483.0N
Earth 1170N Neptune 1368.9N
Earth 1470N Neptune 1719.9N
Earth 1180N Pluto 57.8N
Earth 1030N Saturn 1081.5N
Earth 1190N Saturn 1249.5N
Earth 650N Saturn 682.5N
Earth 1180N Sun 34574.0N
Earth 1160N Mercury 429.2N
Earth 1400N Neptune 1638.0N
Earth 490N Moon 78.4N
Earth 1030N Moon 164.8N
Earth 1160N Mercury 429.2N
Earth 430N Pluto 21.1N
Earth 1320N Neptune 1544.4N
Earth 650N Saturn 682.5N
Earth 550N Neptune 643.5N
Earth 1450N Venus 1276.0N
Earth 910N Uranus 819.0N
Earth 1450N Mercury 536.5N
Earth 580N Venus 510.4N
Earth 1180N Sun 34574.0N
Earth 1400N Mercury 518.0N
Earth 670N Moon 107.2N
Earth 550N Sun 16115.0N
Earth 440N Uranus 396.0N
Earth 540N Mercury 199.8N
Earth 670N Moon 107.2N
Earth 400N Venus 352.0N
Earth 540N Saturn 567.0N
Earth 880N Neptune 1029.6N
Earth 1360N Pluto 66.6N
Earth 440N Venus 387.2N
Earth 650N Saturn 682.5N
Earth 1230N Moon 196.8N
Earth 640N Pluto 31.4N
Earth 1140N Sun 33402.0N
Earth 900N Uranus 810.0N
Earth 640N Mercury 236.8N
Earth 510N Saturn 535.5N
Earth 1390N Uranus 1251.0N
Earth 1210N Moon 193.6N
Earth 1380N Moon 220.8N
Earth 550N Mercury 203.5N
Earth 1350N Pluto 66.2N
Earth 1440N Uranus 1296.0N
Earth 1060N Saturn 1113.0N
Earth 1430N Moon 228.8N
Earth 1240N Moon 198.4N
Earth 1180N Venus 1038.4N
Earth 1370N Mercury 506.9N
Earth 540N Uranus 486.0N
Earth 950N Saturn 997.5N
Earth 1480N Sun 43364.0N
Earth 1370N Uranus 1233.0N
Earth 880N Neptune 1029.6N
Earth 910N Sun 26663.0N
Earth 460N Venus 404.8N
Earth 1440N Mercury 532.8N
Earth 730N Moon 116.8N
Earth 720N Uranus 648.0N
Earth 1410N Uranus 1269.0N
Earth 540N Sun 15822.0N
Earth 550N Pluto 27.0N
Earth 580N Mercury 214.6N
Earth 430N Moon 68.8N
Earth 1300N Saturn 1365.0N
Earth 630N Mercury 233.1N
Earth 750N Venus 660.0N
Earth 840N Moon 134.4N
Earth 560N Mercury 207.2N
Earth 1410N Neptune 1649.7N
