1. 6 0
2. 3 0
3. 3 20
4. 4 1494
5. 3 1990
6. 3 1702
7. 6 3754
8. 3 2595
9. 6 1532
10. 6 159
11. 3 1210
12. 4 3993
13. 4 3070
14. 6 3148
15. 3 957
16. 6 83
17. 6 3077
18. 4 2750
19. 3 133
20. 3 575
21. 3 2413
22. 3 2399
23. 3 1604
24. 3 2262
25. 3 2700
26. 3 1959
27. 6 3380
28. 4 167
29. 6 1212
30. 4 970
31. 3 2784
32. 3 526
33. 6 3285
34. 6 6662
35. 3 5
36. 4 3404
37. 3 2396
38. 6 8646
39. 4 2650
40. 4 1456
41. 6 5780
42. 6 3344
43. 4 3056
44. 3 8957
45. 3 5513
46. 3 4135
47. 4 1679
48. 6 8272
49. 6 6602
50. 3 716
51. 6 5002
52. 4 602
53. 4 5603
54. 3 1552
55. 6 5428
56. 3 3695
57. 3 2875
58. 3 5174
59. 4 2125
60. 6 3763
61. 6 3691
62. 4 7047
63. 4 604
64. 4 6145
65. 3 2385
66. 6 2708
67. 3 7288
68. 6 6523
69. 6 3982
70. 6 2787
71. 6 14950
72. 3 8849
73. 3 9504
74. 3 6122
75. 4 9546
76. 6 3663
77. 4 12526
78. 3 8404
79. 6 5094
80. 3 331
81. 3 1692
82. 3 3955
83. 6 397
84. 4 725
85. 4 3217
86. 3 4702
87. 6 16227
88. 4 19528
89. 3 6468
90. 3 180
91. 3 1475
92. 3 17786
93. 3 1220
94. 3 11554
95. 3 2894
96. 3 20488
97. 3 4874
98. 3 13168
99. 3 2085
100. 4 4403
101. 6 4736
102. 4 4974
103. 6 672
104. 3 22646
105. 3 16645
106. 3 1335
107. 3 2548
108. 6 7171
109. 3 181
110. 3 2260
111. 6 7489
112. 4 905
113. 6 3057
114. 4 2617
115. 4 710
116. 6 11820
117. 4 4491
118. 4 6189
119. 3 15100
120. 4 26801
121. 4 6567
122. 3 7857
123. 6 14818
124. 6 30784
125. 6 10707
126. 3 5979
127. 6 10832
128. 4 1388
129. 3 7678
130. 4 12967
131. 3 26835
132. 6 20784
133. 3 30581
134. 4 23756
135. 3 963
136. 3 3983
137. 3 10967
138. 3 13930
139. 3 760
140. 3 15716
141. 3 16765
142. 4 3149
143. 3 3878
144. 4 808
145. 4 9180
146. 3 3292
147. 6 21779
148. 3 3730
149. 3 14521
150. 6 5307
151. 3 30086
152. 6 5125
153. 3 14693
154. 3 158
155. 3 267
156. 4 42200
157. 6 3215
158. 6 2654
159. 3 27788
160. 3 7196
161. 3 11597
162. 3 29424
163. 4 1944
164. 6 2535
165. 3 697
166. 4 10613
167. 4 11607
168. 4 11869
169. 3 3101
170. 3 3049
171. 4 18362
172. 4 2728
173. 4 7779
174. 3 9973
175. 3 18526
176. 4 3376
177. 3 21332
178. 3 16079
179. 6 19218
180. 3 10238
181. 4 6259
182. 3 215
183. 3 11074
184. 4 1322
185. 3 10265
186. 6 12547
187. 3 13790
188. 6 1903
189. 6 5257
190. 3 4973
191. 4 4243
192. 6 1335
193. 4 22582
194. 3 10743
195. 3 16237
196. 4 4620
197. 6 15500
198. 3 17084
199. 6 5467
200. 6 17881
201. 3 20076
202. 3 30131
203. 3 1401
204. 4 11124
205. 6 8060
206. 4 1411
207. 6 7365
208. 3 25446
209. 3 39594
210. 4 11129
211. 4 11841
212. 3 27673
213. 3 6107
214. 3 7756
215. 3 5268
216. 6 30616
217. 3 5849
218. 6 18151
219. 6 12595
220. 4 3530
221. 4 7008
222. 3 12313
223. 6 14334
224. 4 17874
225. 3 627
226. 3 8246
227. 4 5907
228. 6 2664
229. 4 1235
230. 4 8232
231. 4 2774
232. 6 6298
233. 6 13791
234. 4 6550
235. 4 2414
236. 6 18385
237. 4 1045
238. 3 3752
239. 3 3584
240. 3 9566
241. 3 563
242. 6 5257
243. 6 13011
244. 3 8765
245. 3 2816
246. 4 5703
247. 4 5794
248. 6 1444
249. 4 35369
250. 3 2183
251. 3 9216
252. 4 22708
253. 3 26658
254. 3 29509
255. 3 8306
256. 6 9370
257. 3 48491
258. 4 24640
259. 4 24407
260. 4 342
261. 3 10719
262. 3 16252
263. 3 16250
264. 3 25423
265. 3 249
266. 3 30717
267. 6 16024
268. 3 25028
269. 4 10750
270. 3 2906
271. 4 7180
272. 6 3530
273. 4 7488
274. 3 14149
275. 6 2374
276. 3 7833
277. 4 10726
278. 6 12626
279. 3 9922
280. 3 4045
281. 6 7168
282. 3 8292
283. 6 18207
284. 3 1325
285. 3 17230
286. 6 53038
287. 4 2845
288. 6 8777
289. 4 6914
290. 3 10262
291. 6 637
292. 6 4090
293. 3 3594
294. 6 44169
295. 3 3032
296. 3 2128
297. 4 7669
298. 3 17716
299. 3 36234
300. 4 2815
301. 4 17507
302. 6 8524
303. 3 27417
304. 3 1437
305. 4 17724
306. 3 45801
307. 4 20487
308. 4 149
309. 3 1838
310. 6 28476
311. 3 145
312. 4 1055
313. 6 17790
314. 3 48676
315. 6 844
316. 6 805
317. 3 42122
318. 3 7900
319. 4 3925
320. 4 15642
321. 4 12895
322. 6 47984
323. 4 18602
324. 3 6325
325. 4 8432
326. 3 13758
327. 4 17070
328. 3 5993
329. 6 16593
330. 4 11859
331. 3 16044
332. 4 271
333. 6 224
334. 3 19001
335. 6 17215
336. 6 4699
337. 3 25837
338. 3 45896
339. 6 15090
340. 4 4950
341. 4 5074
342. 6 5211
343. 6 4334
344. 3 89
345. 6 3428
346. 3 6284
347. 3 16905
348. 4 17810
349. 3 47724
350. 4 46958
351. 3 65102
352. 4 35922
353. 4 37018
354. 3 31533
355. 3 26581
356. 4 12342
357. 3 14071
358. 6 447
359. 6 2244
360. 4 6531
361. 3 7286
362. 4 6129
363. 3 23145
364. 3 3788
365. 3 51544
366. 4 16883
367. 6 6135
368. 6 36156
369. 3 17837
370. 6 429
371. 3 16643
372. 4 4283
373. 3 74819
374. 3 48029
375. 4 51716
376. 4 836
377. 4 21743
378. 6 12717
379. 4 26776
380. 3 1034
381. 4 6444
382. 3 6277
383. 4 71736
384. 3 1373
385. 3 1678
386. 4 40728
387. 3 6277
388. 6 15753
389. 4 12906
390. 6 10777
391. 6 13693
392. 4 39564
393. 6 8421
394. 4 281
395. 3 12160
396. 3 9284
397. 3 15088
398. 4 12043
399. 3 13107
400. 3 2771
401. 4 23612
402. 3 1655
403. 3 1531
404. 4 11592
405. 4 8060
406. 3 5985
407. 3 3388
408. 4 15465
409. 6 4689
410. 3 3515
411. 3 10431
412. 6 30946
413. 3 12164
414. 3 25890
415. 4 13914
416. 4 5643
417. 3 598
418. 6 208
419. 4 8970
420. 3 444
421. 4 7827
422. 6 6703
423. 3 6713
424. 4 5904
425. 6 1877
426. 3 4472
427. 4 21400
428. 4 31187
429. 4 29903
430. 4 6105
431. 4 5220
432. 3 12399
433. 3 1610
434. 3 52833
435. 3 29319
436. 3 10281
437. 4 3077
438. 3 13171
439. 3 27999
440. 3 7515
441. 3 77139
442. 4 5701
443. 6 6986
444. 6 159
445. 4 3034
446. 3 21365
447. 6 18426
448. 4 9426
449. 6 17425
450. 3 3324
451. 3 24437
452. 4 23969
453. 3 70051
454. 3 29589
455. 4 27550
456. 3 32203
457. 6 24383
458. 3 10408
459. 3 12880
460. 3 5449
461. 4 24402
462. 3 487
463. 3 5469
464. 4 32424
465. 4 35197
466. 3 2374
467. 3 44131
468. 4 32782
469. 4 47733
470. 3 8701
471. 4 14029
472. 6 2568
473. 3 764
474. 3 40704
475. 6 15992
476. 4 20289
477. 3 14317
478. 6 10292
479. 4 44169
480. 4 10565
481. 6 31011
482. 3 53558
483. 4 2765
484. 3 46799
485. 6 35647
486. 3 13889
487. 4 28505
488. 6 5630
489. 4 16241
490. 3 31499
491. 6 21249
492. 3 22063
493. 3 2310
494. 4 33101
495. 6 12474
496. 3 4953
497. 3 88522
498. 3 2927
499. 4 20042
500. 3 5543
501. 3 11682
502. 3 45021
503. 6 7193
504. 4 13490
505. 4 7569
506. 3 3512
507. 3 5211
508. 3 50474
509. 4 23272
510. 6 14102
511. 3 14208
512. 6 9260
513. 3 38837
514. 4 10776
515. 4 30962
516. 6 43430
517. 3 76910
518. 3 4482
519. 6 4237
520. 3 18387
521. 3 25490
522. 6 61141
523. 4 9536
524. 3 7488
525. 3 2489
526. 6 10176
527. 6 6789
528. 3 1944
529. 6 15075
530. 4 4911
531. 3 49688
532. 4 32834
533. 4 17199
534. 6 32830
535. 6 5365
536. 3 60598
537. 4 15182
538. 3 774
539. 3 2123
540. 6 1217
541. 4 9586
542. 4 33945
543. 4 19260
544. 3 10008
545. 4 2109
546. 6 81964
547. 3 8162
548. 3 8785
549. 3 2707
550. 3 16703
551. 4 52577
552. 3 40007
553. 4 25470
554. 3 51534
555. 4 44914
556. 6 2534
557. 4 7571
558. 3 15558
559. 3 3898
560. 6 13493
561. 3 18247
562. 6 11134
563. 3 14890
564. 4 53906
565. 4 902
566. 6 43570
567. 4 16352
568. 4 20455
569. 3 11398
570. 3 37929
571. 3 24670
572. 4 9338
573. 4 7849
574. 3 44383
575. 4 56188
576. 3 54545
577. 3 13434
578. 3 5773
579. 3 17789
580. 6 187
581. 3 25113
582. 6 34109
583. 6 2654
584. 6 9774
585. 3 19115
586. 4 43831
587. 3 38833
588. 3 19616
589. 4 2401
590. 4 29953
591. 4 11494
592. 6 18858
593. 3 9272
594. 6 34424
595. 3 2193
596. 3 10183
597. 6 36648
598. 3 51095
599. 6 6333
600. 4 5207
601. 4 17844
602. 4 20992
603. 3 32660
604. 3 74212
605. 6 27046
606. 3 8693
607. 3 69601
608. 4 17796
609. 6 11364
610. 3 43553
611. 4 48345
612. 4 19816
613. 3 13114
614. 4 8630
615. 3 470
616. 3 18319
617. 3 46342
618. 4 10830
619. 4 4256
620. 6 659
621. 4 10436
622. 6 35548
623. 4 11534
624. 4 11531
625. 3 65445
626. 6 1688
627. 3 4225
628. 3 20088
629. 3 2453
630. 6 63751
631. 4 5331
632. 3 9648
633. 4 13
634. 3 18504
635. 3 1076
636. 4 26019
637. 3 29920
638. 6 31486
639. 3 16180
640. 6 44724
641. 6 14587
642. 3 26267
643. 4 11956
644. 4 2605
645. 4 5387
646. 6 5834
647. 6 2234
648. 4 58309
649. 3 5147
650. 4 3363
651. 3 40278
652. 3 2223
653. 3 76863
654. 6 14339
655. 3 22927
656. 4 2107
657. 3 27326
658. 3 48993
659. 6 9165
660. 3 19769
661. 3 4397
662. 4 68398
663. 3 67682
664. 4 8290
665. 4 703
666. 3 46736
667. 3 8255
668. 3 376
669. 3 16889
670. 6 1319
671. 3 27824
672. 3 19310
673. 3 36461
674. 3 42392
675. 3 1820
676. 3 1774
677. 3 44664
678. 3 27240
679. 3 41370
680. 4 25129
681. 3 1537
682. 6 2512
683. 3 1147
684. 4 25147
685. 3 29196
686. 3 40014
687. 4 2724
688. 3 43712
689. 6 2033
690. 4 18999
691. 4 31603
692. 3 53700
693. 3 21033
694. 3 32238
695. 4 7739
696. 3 79340
697. 4 19009
698. 3 7319
699. 3 7570
700. 3 17733
701. 3 5805
702. 4 12274
703. 3 5522
704. 3 29059
705. 4 13749
706. 3 26914
707. 6 41607
708. 3 19004
709. 6 28445
710. 3 11857
711. 6 2814
712. 3 2493
713. 6 72755
714. 6 44201
715. 3 3655
716. 3 39573
717. 4 67827
718. 4 36541
719. 3 25721
720. 6 8055
721. 6 29348
722. 3 6279
723. 3 383
724. 3 7144
725. 4 3856
726. 3 16466
727. 3 11368
728. 4 75
729. 4 52957
730. 4 752
731. 4 2465
732. 4 20689
733. 6 26286
734. 3 14214
735. 4 39758
736. 3 43024
737. 4 4983
738. 3 22329
739. 3 58151
740. 4 7757
741. 3 24082
742. 4 44320
743. 3 3642
744. 3 49615
745. 3 28168
746. 6 4359
747. 6 6805
748. 4 3574
749. 4 4062
750. 4 60943
751. 3 13357
752. 4 4686
753. 4 36100
754. 3 38965
755. 4 29172
756. 6 46192
757. 3 83742
758. 4 17688
759. 4 22854
760. 3 74583
761. 4 28895
762. 3 43924
763. 3 64745
764. 3 52698
765. 3 936
766. 3 8985
767. 3 13782
768. 4 58696
769. 3 61932
770. 3 80116
771. 4 50914
772. 4 17131
773. 3 66921
774. 3 9141
775. 3 28019
776. 3 25362
777. 6 26540
778. 4 9722
779. 3 22431
780. 6 15466
781. 6 18144
782. 3 1705
783. 6 52445
784. 6 10828
785. 4 5096
786. 4 26267
787. 6 13889
788. 3 6272
789. 4 2107
790. 3 16610
791. 3 842
792. 3 27041
793. 3 26113
794. 3 64145
795. 4 69438
796. 4 28683
797. 6 2840
798. 4 11890
799. 3 10150
800. 3 24429
801. 3 68183
802. 3 11639
803. 3 2752
804. 6 83728
805. 4 23990
806. 3 6686
807. 6 6982
808. 3 21079
809. 4 22802
810. 4 1827
811. 4 28132
812. 6 27348
813. 3 89634
814. 3 34755
815. 6 30441
816. 4 8060
817. 4 52347
818. 3 62934
819. 3 14340
820. 3 29611
821. 4 19155
822. 3 33951
823. 4 2536
824. 3 32500
825. 3 13554
826. 3 19366
827. 3 31309
828. 3 3499
829. 6 181
830. 3 68288
831. 3 47047
832. 6 20386
833. 3 70688
834. 3 693
835. 6 27760
836. 3 18395
837. 3 743
838. 3 25872
839. 6 17970
840. 3 37438
841. 6 10235
842. 4 10336
843. 3 20449
844. 6 7601
845. 3 89074
846. 4 1845
847. 3 16301
848. 4 1429
849. 3 19488
850. 3 12920
851. 3 5923
852. 6 24722
853. 3 20243
854. 3 5233
855. 3 11826
856. 4 4155
857. 3 56656
858. 4 20422
859. 3 45346
860. 4 27594
861. 4 59991
862. 3 18623
863. 4 16422
864. 3 56808
865. 6 31762
866. 6 1677
867. 3 16962
868. 6 3634
869. 3 81858
870. 4 4207
871. 6 8906
872. 3 9770
873. 6 31853
874. 3 25768
875. 4 46186
876. 6 11857
877. 4 9778
878. 6 114586
879. 3 6545
880. 3 48957
881. 6 3801
882. 6 4887
883. 6 142
884. 6 35623
885. 4 1944
886. 3 49241
887. 3 12828
888. 3 43851
889. 6 27922
890. 3 6928
891. 6 11394
892. 3 7905
893. 4 1636
894. 6 56019
895. 4 2269
896. 3 1707
897. 3 14952
898. 6 76579
899. 3 4244
900. 3 43187
901. 4 33644
902. 4 29207
903. 4 7944
904. 4 51897
905. 3 51402
906. 6 64600
907. 3 25828
908. 3 23597
909. 3 14158
910. 3 47169
911. 3 93629
912. 3 110979
913. 6 54583
914. 3 87885
915. 3 10683
916. 4 642
917. 6 8823
918. 3 2717
919. 4 27500
920. 4 15576
921. 4 32713
922. 4 3436
923. 3 5961
924. 3 5700
925. 4 20275
926. 3 50598
927. 3 8914
928. 4 55211
929. 4 62582
930. 6 7925
931. 3 14040
932. 3 13763
933. 4 33006
934. 4 4719
935. 4 17618
936. 3 18574
937. 4 22536
938. 6 14358
939. 4 64232
940. 4 113501
941. 3 38065
942. 4 136757
943. 4 67591
944. 3 46918
945. 6 15802
946. 3 20632
947. 3 26273
948. 4 12013
949. 4 30940
950. 4 9010
951. 6 8342
952. 3 2404
953. 4 26789
954. 6 34666
955. 3 9255
956. 4 25688
957. 6 10018
958. 4 8003
959. 4 14275
960. 3 64299
961. 4 5768
962. 4 16384
963. 4 1477
964. 3 28323
965. 6 62615
966. 6 53410
967. 3 4747
968. 6 11367
969. 3 5112
970. 4 47124
971. 3 14854
972. 6 1588
973. 3 52800
974. 6 21969
975. 6 4596
976. 3 50065
977. 3 36401
978. 3 28679
979. 4 2446
980. 3 2641
981. 4 25758
982. 3 27241
983. 3 24913
984. 4 10126
985. 6 3000
986. 4 31659
987. 3 1621
988. 6 19777
989. 3 2929
990. 3 7911
991. 4 18173
992. 4 6862
993. 3 30965
994. 4 66778
995. 4 22406
996. 6 83715
997. 3 44149
998. 3 72694
999. 3 2879
1000. 3 130573
