Case 1
1: 2
2: 1

Case 3
1: 9
2: 4
3: 1

Case 5
1: 4
2: 1

Case 7
1: 24
2: 8
4: 8
8: 1

Case 9
1: 2401
2: 2304
3: 2209
4: 2116
5: 2025
6: 1936
7: 1849
8: 1764
9: 1681
10: 1600
11: 1521
12: 1444
13: 1369
14: 1296
15: 1225
16: 1156
17: 1089
18: 1024
19: 961
20: 900
21: 841
22: 784
23: 729
24: 676
25: 625
26: 576
27: 529
28: 484
29: 441
30: 400
31: 361
32: 324
33: 289
34: 256
35: 225
36: 196
37: 169
38: 144
39: 121
40: 100
41: 81
42: 64
43: 49
44: 36
45: 25
46: 16
47: 9
48: 4
49: 1

Case 11
1: 2397
2: 2300
3: 2205
4: 2112
5: 2021
6: 1932
7: 1845
8: 1760
9: 1677
10: 1596
11: 1517
12: 1440
13: 1365
14: 1292
15: 1221
16: 1152
17: 1085
18: 1020
19: 957
20: 896
21: 837
22: 780
23: 725
24: 672
25: 621
26: 572
27: 525
28: 480
29: 437
30: 396
31: 357
32: 320
33: 285
34: 252
35: 221
36: 192
37: 165
38: 140
39: 117
40: 96
41: 77
42: 60
43: 45
44: 32
45: 21
46: 12
47: 5

Case 13
1: 1

Case 15
1: 4
49: 1

