1.1. 123_hg8
1.2. 000_123
2.1. 123_hg8
2.2. 000_123
3.1. 123_hg8
3.2. 000_123
4.1. 123_hg8
4.2. 000_123
5.1. 123_hg8
5.2. 000_123
6.1. vD2_WnR
6.2. vD2_WnR
6.3. cZq_fjq
6.4. cZq_fjq
6.5. WnR_cZq
6.6. 8pb_baA
6.7. WnR_cZq
6.8. vD2_WnR
6.9. 000_vD2
6.10. 000_vD2
7.1. vD2_WnR
7.2. vD2_WnR
7.3. cZq_fjq
7.4. cZq_fjq
7.5. WnR_cZq
7.6. 8pb_baA
7.7. WnR_cZq
7.8. vD2_WnR
7.9. 000_vD2
7.10. 000_vD2
8.1. vD2_WnR
8.2. vD2_WnR
8.3. cZq_fjq
8.4. cZq_fjq
8.5. WnR_cZq
8.6. 8pb_baA
8.7. WnR_cZq
8.8. vD2_WnR
8.9. 000_vD2
8.10. 000_vD2
9.1. vD2_WnR
9.2. vD2_WnR
9.3. cZq_fjq
9.4. cZq_fjq
9.5. WnR_cZq
9.6. 8pb_baA
9.7. WnR_cZq
9.8. vD2_WnR
9.9. 000_vD2
9.10. 000_vD2
10.1. vD2_WnR
10.2. vD2_WnR
10.3. cZq_fjq
10.4. cZq_fjq
10.5. WnR_cZq
10.6. 8pb_baA
10.7. WnR_cZq
10.8. vD2_WnR
10.9. 000_vD2
10.10. 000_vD2
11.1. 000_Sdo
11.2. 000_Sdo
11.3. 000_Sdo
11.4. 000_Sdo
11.5. Jbg_A0Q
11.6. Jbg_A0Q
11.7. Sdo_61U
11.8. Sdo_61U
12.1. 000_Sdo
12.2. 000_Sdo
12.3. 000_Sdo
12.4. 000_Sdo
12.5. Jbg_A0Q
12.6. Jbg_A0Q
12.7. Sdo_61U
12.8. Sdo_61U
13.1. 000_Sdo
13.2. 000_Sdo
13.3. 000_Sdo
13.4. 000_Sdo
13.5. Jbg_A0Q
13.6. Jbg_A0Q
13.7. Sdo_61U
13.8. Sdo_61U
14.1. 000_Sdo
14.2. 000_Sdo
14.3. 000_Sdo
14.4. 000_Sdo
14.5. Jbg_A0Q
14.6. Jbg_A0Q
14.7. Sdo_61U
14.8. Sdo_61U
15.1. 000_Sdo
15.2. 000_Sdo
15.3. 000_Sdo
15.4. 000_Sdo
15.5. Jbg_A0Q
15.6. Jbg_A0Q
15.7. Sdo_61U
15.8. Sdo_61U
16.1. 000_B3L
16.2. ECm_7Ss
16.3. ECm_bEZ
16.4. ECm_7Ss
16.5. 1G4_9vT
16.6. ECm_bEZ
16.7. ECm_7Ss
16.8. ECm_bEZ
16.9. ECm_7Ss
16.10. 1G4_XdV
16.11. ECm_7Ss
16.12. 000_B3L
16.13. ECm_7Ss
16.14. ECm_bEZ
16.15. 1G4_9vT
16.16. 1G4_XdV
16.17. 1G4_9vT
16.18. 1G4_9vT
16.19. 1G4_XdV
16.20. 000_1G4
16.21. 000_000
16.22. 000_000
16.23. 000_000
16.24. 000_000
16.25. 000_000
17.1. 000_B3L
17.2. ECm_7Ss
17.3. ECm_bEZ
17.4. ECm_7Ss
17.5. 1G4_9vT
17.6. ECm_bEZ
17.7. ECm_7Ss
17.8. ECm_bEZ
17.9. ECm_7Ss
17.10. 1G4_XdV
17.11. ECm_7Ss
17.12. 000_B3L
17.13. ECm_7Ss
17.14. ECm_bEZ
17.15. 1G4_9vT
17.16. 1G4_XdV
17.17. 1G4_9vT
17.18. 1G4_9vT
17.19. 1G4_XdV
17.20. 000_1G4
17.21. 000_000
17.22. 000_000
17.23. 000_000
17.24. 000_000
17.25. 000_000
18.1. 000_B3L
18.2. ECm_7Ss
18.3. ECm_bEZ
18.4. ECm_7Ss
18.5. 1G4_9vT
18.6. ECm_bEZ
18.7. ECm_7Ss
18.8. ECm_bEZ
18.9. ECm_7Ss
18.10. 1G4_XdV
18.11. ECm_7Ss
18.12. 000_B3L
18.13. ECm_7Ss
18.14. ECm_bEZ
18.15. 1G4_9vT
18.16. 1G4_XdV
18.17. 1G4_9vT
18.18. 1G4_9vT
18.19. 1G4_XdV
18.20. 000_1G4
18.21. 000_000
18.22. 000_000
18.23. 000_000
18.24. 000_000
18.25. 000_000
19.1. 000_B3L
19.2. ECm_7Ss
19.3. ECm_bEZ
19.4. ECm_7Ss
19.5. 1G4_9vT
19.6. ECm_bEZ
19.7. ECm_7Ss
19.8. ECm_bEZ
19.9. ECm_7Ss
19.10. 1G4_XdV
19.11. ECm_7Ss
19.12. 000_B3L
19.13. ECm_7Ss
19.14. ECm_bEZ
19.15. 1G4_9vT
19.16. 1G4_XdV
19.17. 1G4_9vT
19.18. 1G4_9vT
19.19. 1G4_XdV
19.20. 000_1G4
19.21. 000_000
19.22. 000_000
19.23. 000_000
19.24. 000_000
19.25. 000_000
20.1. 000_B3L
20.2. ECm_7Ss
20.3. ECm_bEZ
20.4. ECm_7Ss
20.5. 1G4_9vT
20.6. ECm_bEZ
20.7. ECm_7Ss
20.8. ECm_bEZ
20.9. ECm_7Ss
20.10. 1G4_XdV
20.11. ECm_7Ss
20.12. 000_B3L
20.13. ECm_7Ss
20.14. ECm_bEZ
20.15. 1G4_9vT
20.16. 1G4_XdV
20.17. 1G4_9vT
20.18. 1G4_9vT
20.19. 1G4_XdV
20.20. 000_1G4
20.21. 000_000
20.22. 000_000
20.23. 000_000
20.24. 000_000
20.25. 000_000
21.1. 000_xAu
21.2. 000_xAu
21.3. 000_xAu
21.4. 000_xAu
21.5. U47_5T4
21.6. U47_5T4
21.7. xAu_YhO
21.8. xAu_YhO
22.1. fri_8vu
22.2. iY8_29c
22.3. fri_Sn7
22.4. dIS_KAk
22.5. szV_ogE
22.6. nq6_OX3
22.7. yHQ_fyY
22.8. iY8_nBz
22.9. fRf_4EG
22.10. nH9_QkR
22.11. xMv_VaA
22.12. IeN_Yru
22.13. vYm_DeO
22.14. NvF_fSM
22.15. fRf_hh2
22.16. szV_ogE
22.17. szV_ogE
22.18. IeN_Yru
22.19. fri_sSe
22.20. szV_dkP
22.21. Lk5_Dir
22.22. 000_aFp
22.23. dIS_KAk
22.24. iY8_5n6
22.25. fri_8vu
22.26. c9L_bTa
22.27. qHY_4Uf
22.28. iY8_I1f
22.29. IeN_Yru
22.30. NvF_CLa
22.31. iY8_snR
22.32. 000_IeN
22.33. IeN_Yru
22.34. c9L_bTa
22.35. dIS_OVv
22.36. vYm_B0K
22.37. aFp_PiI
22.38. dIS_KAk
22.39. NvF_fSM
22.40. SD2_JKH
22.41. dIS_KAk
22.42. nH9_Gm6
22.43. dIS_OVv
22.44. yHQ_fyY
22.45. szV_qho
22.46. IeN_bSP
22.47. fRf_MIY
22.48. c9L_bTa
22.49. nq6_Ua6
22.50. vYm_c2M
22.51. xMv_VaA
22.52. c9L_9LD
22.53. dIS_KAk
22.54. vYm_hzV
22.55. c9L_uSh
22.56. aFp_PiI
22.57. nq6_oZA
22.58. fri_Sn7
22.59. szV_ogE
22.60. fri_bF7
22.61. aFp_PiI
22.62. Djl_EqE
22.63. 000_yHQ
22.64. fRf_Cgb
22.65. SD2_lUm
22.66. szV_hyE
22.67. Djl_YPh
22.68. IeN_Yru
22.69. 000_vYm
22.70. vYm_hzV
22.71. szV_hyE
22.72. NvF_MR7
22.73. Djl_YPh
22.74. fbx_RdO
22.75. fri_Sn7
22.76. yHQ_fyY
22.77. 000_fRf
22.78. nH9_QkR
22.79. qHY_4Uf
22.80. nH9_QkR
22.81. IeN_4Yf
22.82. yHQ_gMp
22.83. qHY_25q
22.84. yHQ_fyY
22.85. aFp_PiI
22.86. SD2_JKH
22.87. fbx_RdO
22.88. vYm_B0K
22.89. c9L_5c7
22.90. SD2_lUm
22.91. NvF_fSM
22.92. c9L_bTa
22.93. yHQ_0MK
22.94. c9L_bTa
22.95. vYm_hzV
22.96. szV_czt
22.97. nq6_aVj
22.98. fri_bF7
22.99. xMv_VaA
22.100. Djl_YPh
22.101. 000_000
22.102. 000_000
22.103. 000_000
22.104. 000_000
22.105. 000_000
22.106. 000_000
22.107. 000_000
22.108. 000_000
22.109. 000_000
22.110. 000_000
